#
# There is insufficient memory for the Java Runtime Environment to continue.
# Native memory allocation (malloc) failed to allocate 74144 bytes for Chunk::new
# Possible reasons:
#   The system is out of physical RAM or swap space
#   The process is running with CompressedOops enabled, and the Java Heap may be blocking the growth of the native heap
# Possible solutions:
#   Reduce memory load on the system
#   Increase physical memory or swap space
#   Check if swap backing store is full
#   Decrease Java heap size (-Xmx/-Xms)
#   Decrease number of Java threads
#   Decrease Java thread stack sizes (-Xss)
#   Set larger code cache with -XX:ReservedCodeCacheSize=
#   JVM is running with Unscaled Compressed Oops mode in which the Java heap is
#     placed in the first 4GB address space. The Java Heap base address is the
#     maximum limit for the native heap growth. Please use -XX:HeapBaseMinAddress
#     to set the Java Heap base and to place the Java Heap above 4GB virtual address.
# This output file may be truncated or incomplete.
#
#  Out of Memory Error (./src/hotspot/share/memory/arena.cpp:197), pid=4352, tid=9124
#
# JRE version: OpenJDK Runtime Environment (11.0.8+10) (build 11.0.8+10-b944.6842174)
# Java VM: OpenJDK 64-Bit Server VM (11.0.8+10-b944.6842174, mixed mode, tiered, compressed oops, g1 gc, windows-amd64)
# No core dump will be written. Minidumps are not enabled by default on client versions of Windows
#

---------------  S U M M A R Y ------------

Command Line: --add-opens=java.base/java.util=ALL-UNNAMED --add-opens=java.base/java.lang=ALL-UNNAMED --add-opens=java.base/java.lang.invoke=ALL-UNNAMED --add-opens=java.prefs/java.util.prefs=ALL-UNNAMED -Xmx2048m -Dfile.encoding=UTF-8 -Duser.country=RU -Duser.language=ru -Duser.variant org.gradle.launcher.daemon.bootstrap.GradleDaemon 6.7.1

Host: Intel(R) Core(TM) i3-2370M CPU @ 2.40GHz, 4 cores, 3G,  Windows 10 , 64 bit Build 17763 (10.0.17763.2028)
Time: Wed Aug  4 15:21:43 2021 RTZ 2 (ceia) elapsed time: 29 seconds (0d 0h 0m 29s)

---------------  T H R E A D  ---------------

Current thread (0x00000222c089d000):  JavaThread "C2 CompilerThread0" daemon [_thread_in_native, id=9124, stack(0x000000e21f800000,0x000000e21f900000)]


Current CompileTask:
C2:  29648 4695 %     4       org.objectweb.asm.ClassReader::readCode @ 1718 (5089 bytes)

Stack: [0x000000e21f800000,0x000000e21f900000]
Native frames: (J=compiled Java code, j=interpreted, Vv=VM code, C=native code)
V  [jvm.dll+0x5de50a]
V  [jvm.dll+0x7122f5]
V  [jvm.dll+0x71384d]
V  [jvm.dll+0x713f03]
V  [jvm.dll+0x23e728]
V  [jvm.dll+0xb899c]
V  [jvm.dll+0xb8e9c]
V  [jvm.dll+0x69795d]
V  [jvm.dll+0x4fd3ab]
V  [jvm.dll+0x4fd1b6]
V  [jvm.dll+0x4faab6]
V  [jvm.dll+0x4fa8eb]
V  [jvm.dll+0x4fa866]
V  [jvm.dll+0x4fa937]
V  [jvm.dll+0x4fa937]
V  [jvm.dll+0x4fa937]
V  [jvm.dll+0x4fa937]
V  [jvm.dll+0x4fa937]
V  [jvm.dll+0x4fa937]
V  [jvm.dll+0x4fa937]
V  [jvm.dll+0x4fa937]
V  [jvm.dll+0x4fa937]
V  [jvm.dll+0x4fa866]
V  [jvm.dll+0x4fa937]
V  [jvm.dll+0x4fa937]
V  [jvm.dll+0x502678]
V  [jvm.dll+0x1ff393]
V  [jvm.dll+0x1f917c]
V  [jvm.dll+0x1f685f]
V  [jvm.dll+0x17f32c]
V  [jvm.dll+0x205047]
V  [jvm.dll+0x203891]
V  [jvm.dll+0x6dad3f]
V  [jvm.dll+0x6d3895]
V  [jvm.dll+0x5dd4a6]
C  [ucrtbase.dll+0x2268a]
C  [KERNEL32.DLL+0x17974]
C  [ntdll.dll+0x5a2f1]


---------------  P R O C E S S  ---------------

Threads class SMR info:
_java_thread_list=0x00000222c3a7b230, length=51, elements={
0x00000222a6e3b000, 0x00000222c087f800, 0x00000222c0880800, 0x00000222c089a800,
0x00000222c089c000, 0x00000222c089d000, 0x00000222c08a1800, 0x00000222c08ac800,
0x00000222c1357000, 0x00000222c1372800, 0x00000222c2955000, 0x00000222c2b79000,
0x00000222c1fab800, 0x00000222c2a61800, 0x00000222c29ef800, 0x00000222c29f0800,
0x00000222c337f800, 0x00000222c3381000, 0x00000222c2c9c800, 0x00000222c33f6000,
0x00000222c335f000, 0x00000222c3360800, 0x00000222c335d800, 0x00000222c3362800,
0x00000222c3360000, 0x00000222c3361800, 0x00000222c335c800, 0x00000222c3363000,
0x00000222c57ae800, 0x00000222c57ac000, 0x00000222c57af000, 0x00000222c57aa000,
0x00000222c57ac800, 0x00000222c57a9800, 0x00000222c57ad800, 0x00000222c57b0000,
0x00000222c57b0800, 0x00000222c57ab000, 0x00000222c57b2800, 0x00000222c57b1800,
0x00000222c57b3000, 0x00000222c57b5800, 0x00000222c57b4000, 0x00000222c57b6800,
0x00000222c57b7000, 0x00000222c57b5000, 0x00000222c57b8000, 0x00000222c335e000,
0x00000222c5a26800, 0x00000222c5a23000, 0x00000222c5a27000
}

Java Threads: ( => current thread )
  0x00000222a6e3b000 JavaThread "main" [_thread_blocked, id=3764, stack(0x000000e21ed00000,0x000000e21ee00000)]
  0x00000222c087f800 JavaThread "Reference Handler" daemon [_thread_blocked, id=8288, stack(0x000000e21f400000,0x000000e21f500000)]
  0x00000222c0880800 JavaThread "Finalizer" daemon [_thread_blocked, id=4052, stack(0x000000e21f500000,0x000000e21f600000)]
  0x00000222c089a800 JavaThread "Signal Dispatcher" daemon [_thread_blocked, id=1960, stack(0x000000e21f600000,0x000000e21f700000)]
  0x00000222c089c000 JavaThread "Attach Listener" daemon [_thread_blocked, id=9080, stack(0x000000e21f700000,0x000000e21f800000)]
=>0x00000222c089d000 JavaThread "C2 CompilerThread0" daemon [_thread_in_native, id=9124, stack(0x000000e21f800000,0x000000e21f900000)]
  0x00000222c08a1800 JavaThread "C1 CompilerThread0" daemon [_thread_blocked, id=4508, stack(0x000000e21f900000,0x000000e21fa00000)]
  0x00000222c08ac800 JavaThread "Sweeper thread" daemon [_thread_blocked, id=6956, stack(0x000000e21fa00000,0x000000e21fb00000)]
  0x00000222c1357000 JavaThread "Common-Cleaner" daemon [_thread_blocked, id=9120, stack(0x000000e21fb00000,0x000000e21fc00000)]
  0x00000222c1372800 JavaThread "Service Thread" daemon [_thread_blocked, id=5912, stack(0x000000e21fc00000,0x000000e21fd00000)]
  0x00000222c2955000 JavaThread "Daemon health stats" [_thread_blocked, id=5800, stack(0x000000e220000000,0x000000e220100000)]
  0x00000222c2b79000 JavaThread "Incoming local TCP Connector on port 62442" [_thread_in_native, id=6060, stack(0x000000e220400000,0x000000e220500000)]
  0x00000222c1fab800 JavaThread "Daemon periodic checks" [_thread_blocked, id=7712, stack(0x000000e220500000,0x000000e220600000)]
  0x00000222c2a61800 JavaThread "Daemon" [_thread_blocked, id=8064, stack(0x000000e220600000,0x000000e220700000)]
  0x00000222c29ef800 JavaThread "Handler for socket connection from /127.0.0.1:62442 to /127.0.0.1:62443" [_thread_in_native, id=4120, stack(0x000000e220700000,0x000000e220800000)]
  0x00000222c29f0800 JavaThread "Cancel handler" [_thread_blocked, id=6188, stack(0x000000e220800000,0x000000e220900000)]
  0x00000222c337f800 JavaThread "Daemon worker" [_thread_in_native, id=8916, stack(0x000000e220900000,0x000000e220a00000)]
  0x00000222c3381000 JavaThread "Asynchronous log dispatcher for DefaultDaemonConnection: socket connection from /127.0.0.1:62442 to /127.0.0.1:62443" [_thread_blocked, id=3580, stack(0x000000e220b00000,0x000000e220c00000)]
  0x00000222c2c9c800 JavaThread "Stdin handler" [_thread_blocked, id=792, stack(0x000000e220c00000,0x000000e220d00000)]
  0x00000222c33f6000 JavaThread "Thread-8" [_thread_blocked, id=8580, stack(0x000000e220d00000,0x000000e220e00000)]
  0x00000222c335f000 JavaThread "Cache worker for file hash cache (C:\Users\Home\.gradle\caches\6.7.1\fileHashes)" [_thread_blocked, id=8404, stack(0x000000e220e00000,0x000000e220f00000)]
  0x00000222c3360800 JavaThread "File lock request listener" [_thread_in_native, id=2932, stack(0x000000e220f00000,0x000000e221000000)]
  0x00000222c335d800 JavaThread "Cache worker for journal cache (C:\Users\Home\.gradle\caches\journal-1)" [_thread_blocked, id=8904, stack(0x000000e220a00000,0x000000e220b00000)]
  0x00000222c3362800 JavaThread "Cache worker for file hash cache (D:\AndroidProjects\DiceRoller\.gradle\6.7.1\fileHashes)" [_thread_blocked, id=3804, stack(0x000000e221100000,0x000000e221200000)]
  0x00000222c3360000 JavaThread "jar transforms" [_thread_blocked, id=3052, stack(0x000000e221200000,0x000000e221300000)]
  0x00000222c3361800 JavaThread "jar transforms Thread 2" [_thread_blocked, id=8200, stack(0x000000e221300000,0x000000e221400000)]
  0x00000222c335c800 JavaThread "jar transforms Thread 3" [_thread_blocked, id=6116, stack(0x000000e221400000,0x000000e221500000)]
  0x00000222c3363000 JavaThread "jar transforms Thread 4" [_thread_blocked, id=4032, stack(0x000000e221500000,0x000000e221600000)]
  0x00000222c57ae800 JavaThread "jar transforms Thread 5" [_thread_blocked, id=8088, stack(0x000000e221600000,0x000000e221700000)]
  0x00000222c57ac000 JavaThread "jar transforms Thread 6" [_thread_blocked, id=9188, stack(0x000000e221700000,0x000000e221800000)]
  0x00000222c57af000 JavaThread "jar transforms Thread 7" [_thread_blocked, id=2468, stack(0x000000e221800000,0x000000e221900000)]
  0x00000222c57aa000 JavaThread "jar transforms Thread 8" [_thread_blocked, id=4324, stack(0x000000e221900000,0x000000e221a00000)]
  0x00000222c57ac800 JavaThread "jar transforms Thread 9" [_thread_blocked, id=8408, stack(0x000000e221a00000,0x000000e221b00000)]
  0x00000222c57a9800 JavaThread "jar transforms Thread 10" [_thread_blocked, id=2228, stack(0x000000e221000000,0x000000e221100000)]
  0x00000222c57ad800 JavaThread "jar transforms Thread 11" [_thread_blocked, id=5380, stack(0x000000e221b00000,0x000000e221c00000)]
  0x00000222c57b0000 JavaThread "jar transforms Thread 12" [_thread_blocked, id=7032, stack(0x000000e221c00000,0x000000e221d00000)]
  0x00000222c57b0800 JavaThread "jar transforms Thread 13" [_thread_blocked, id=1172, stack(0x000000e221d00000,0x000000e221e00000)]
  0x00000222c57ab000 JavaThread "jar transforms Thread 14" [_thread_blocked, id=9132, stack(0x000000e221e00000,0x000000e221f00000)]
  0x00000222c57b2800 JavaThread "jar transforms Thread 15" [_thread_blocked, id=1208, stack(0x000000e221f00000,0x000000e222000000)]
  0x00000222c57b1800 JavaThread "jar transforms Thread 16" [_thread_blocked, id=7524, stack(0x000000e222000000,0x000000e222100000)]
  0x00000222c57b3000 JavaThread "jar transforms Thread 17" [_thread_blocked, id=7296, stack(0x000000e222100000,0x000000e222200000)]
  0x00000222c57b5800 JavaThread "jar transforms Thread 18" [_thread_blocked, id=5868, stack(0x000000e222200000,0x000000e222300000)]
  0x00000222c57b4000 JavaThread "jar transforms Thread 19" [_thread_blocked, id=32, stack(0x000000e222300000,0x000000e222400000)]
  0x00000222c57b6800 JavaThread "jar transforms Thread 20" [_thread_blocked, id=6864, stack(0x000000e222400000,0x000000e222500000)]
  0x00000222c57b7000 JavaThread "jar transforms Thread 21" [_thread_blocked, id=3572, stack(0x000000e222500000,0x000000e222600000)]
  0x00000222c57b5000 JavaThread "Cache worker for checksums cache (D:\AndroidProjects\DiceRoller\.gradle\checksums)" [_thread_blocked, id=3496, stack(0x000000e222600000,0x000000e222700000)]
  0x00000222c57b8000 JavaThread "Cache worker for cache directory md-supplier (C:\Users\Home\.gradle\caches\6.7.1\md-supplier)" [_thread_blocked, id=6128, stack(0x000000e222700000,0x000000e222800000)]
  0x00000222c335e000 JavaThread "Cache worker for cache directory md-rule (C:\Users\Home\.gradle\caches\6.7.1\md-rule)" [_thread_blocked, id=2524, stack(0x000000e222800000,0x000000e222900000)]
  0x00000222c5a26800 JavaThread "Cache worker for execution history cache (C:\Users\Home\.gradle\caches\6.7.1\executionHistory)" [_thread_blocked, id=8480, stack(0x000000e222a00000,0x000000e222b00000)]
  0x00000222c5a23000 JavaThread "Cache worker for file content cache (C:\Users\Home\.gradle\caches\6.7.1\fileContent)" [_thread_blocked, id=7564, stack(0x000000e222b00000,0x000000e222c00000)]
  0x00000222c5a27000 JavaThread "C2 CompilerThread1" daemon [_thread_in_native, id=3260, stack(0x000000e222900000,0x000000e222a00000)]

Other Threads:
  0x00000222c087c800 VMThread "VM Thread" [stack: 0x000000e21f300000,0x000000e21f400000] [id=6312]
  0x00000222c1373800 WatcherThread [stack: 0x000000e21fd00000,0x000000e21fe00000] [id=2692]
  0x00000222a6e54800 GCTaskThread "GC Thread#0" [stack: 0x000000e21ee00000,0x000000e21ef00000] [id=8752]
  0x00000222c19c6800 GCTaskThread "GC Thread#1" [stack: 0x000000e21ff00000,0x000000e220000000] [id=2920]
  0x00000222c243a000 GCTaskThread "GC Thread#2" [stack: 0x000000e220100000,0x000000e220200000] [id=4948]
  0x00000222c2771800 GCTaskThread "GC Thread#3" [stack: 0x000000e220200000,0x000000e220300000] [id=6860]
  0x00000222a6e87000 ConcurrentGCThread "G1 Main Marker" [stack: 0x000000e21ef00000,0x000000e21f000000] [id=9072]
  0x00000222a6e89800 ConcurrentGCThread "G1 Conc#0" [stack: 0x000000e21f000000,0x000000e21f100000] [id=1788]
  0x00000222a6ee5000 ConcurrentGCThread "G1 Refine#0" [stack: 0x000000e21f100000,0x000000e21f200000] [id=1348]
  0x00000222a6ee8000 ConcurrentGCThread "G1 Young RemSet Sampling" [stack: 0x000000e21f200000,0x000000e21f300000] [id=7940]

Threads with active compile tasks:
C2 CompilerThread0  29743 4695 %     4       org.objectweb.asm.ClassReader::readCode @ 1718 (5089 bytes)
C2 CompilerThread1  29743 4571       4       org.objectweb.asm.ClassVisitor::visitField (24 bytes)

VM state:not at safepoint (normal execution)

VM Mutex/Monitor currently owned by a thread: None

OutOfMemory and StackOverflow Exception counts:
OutOfMemoryError java_heap_errors=1
LinkageErrors=102

Heap address: 0x0000000080000000, size: 2048 MB, Compressed Oops mode: 32-bit
Narrow klass base: 0x0000000000000000, Narrow klass shift: 3
Compressed class space size: 1073741824 Address: 0x0000000100000000

Heap:
 garbage-first heap   total 299008K, used 185116K [0x0000000080000000, 0x0000000100000000)
  region size 1024K, 119 young (121856K), 3 survivors (3072K)
 Metaspace       used 44090K, capacity 45111K, committed 45308K, reserved 1089536K
  class space    used 5507K, capacity 5889K, committed 6016K, reserved 1048576K
Heap Regions: E=young(eden), S=young(survivor), O=old, HS=humongous(starts), HC=humongous(continues), CS=collection set, F=free, A=archive, TAMS=top-at-mark-start (previous, next)
|   0|0x0000000080000000, 0x0000000080100000, 0x0000000080100000|100%| O|  |TAMS 0x0000000080100000, 0x0000000080000000| Untracked 
|   1|0x0000000080100000, 0x0000000080200000, 0x0000000080200000|100%| O|  |TAMS 0x0000000080200000, 0x0000000080100000| Untracked 
|   2|0x0000000080200000, 0x0000000080300000, 0x0000000080300000|100%| O|  |TAMS 0x0000000080300000, 0x0000000080200000| Untracked 
|   3|0x0000000080300000, 0x0000000080400000, 0x0000000080400000|100%|HS|  |TAMS 0x0000000080400000, 0x0000000080300000| Complete 
|   4|0x0000000080400000, 0x0000000080500000, 0x0000000080500000|100%|HC|  |TAMS 0x0000000080500000, 0x0000000080400000| Complete 
|   5|0x0000000080500000, 0x0000000080600000, 0x0000000080600000|100%|HC|  |TAMS 0x0000000080600000, 0x0000000080500000| Complete 
|   6|0x0000000080600000, 0x0000000080700000, 0x0000000080700000|100%| O|  |TAMS 0x0000000080700000, 0x0000000080600000| Untracked 
|   7|0x0000000080700000, 0x0000000080800000, 0x0000000080800000|100%| O|  |TAMS 0x0000000080800000, 0x0000000080700000| Untracked 
|   8|0x0000000080800000, 0x0000000080900000, 0x0000000080900000|100%| O|  |TAMS 0x0000000080900000, 0x0000000080800000| Untracked 
|   9|0x0000000080900000, 0x0000000080a00000, 0x0000000080a00000|100%| O|  |TAMS 0x0000000080a00000, 0x0000000080900000| Untracked 
|  10|0x0000000080a00000, 0x0000000080b00000, 0x0000000080b00000|100%| O|  |TAMS 0x0000000080b00000, 0x0000000080a00000| Untracked 
|  11|0x0000000080b00000, 0x0000000080c00000, 0x0000000080c00000|100%| O|  |TAMS 0x0000000080c00000, 0x0000000080b00000| Untracked 
|  12|0x0000000080c00000, 0x0000000080d00000, 0x0000000080d00000|100%| O|  |TAMS 0x0000000080d00000, 0x0000000080c00000| Untracked 
|  13|0x0000000080d00000, 0x0000000080e00000, 0x0000000080e00000|100%| O|  |TAMS 0x0000000080e00000, 0x0000000080d00000| Untracked 
|  14|0x0000000080e00000, 0x0000000080f00000, 0x0000000080f00000|100%|HS|  |TAMS 0x0000000080f00000, 0x0000000080e00000| Complete 
|  15|0x0000000080f00000, 0x0000000081000000, 0x0000000081000000|100%|HC|  |TAMS 0x0000000081000000, 0x0000000080f00000| Complete 
|  16|0x0000000081000000, 0x0000000081100000, 0x0000000081100000|100%|HS|  |TAMS 0x0000000081100000, 0x0000000081000000| Complete 
|  17|0x0000000081100000, 0x0000000081200000, 0x0000000081200000|100%|HC|  |TAMS 0x0000000081200000, 0x0000000081100000| Complete 
|  18|0x0000000081200000, 0x0000000081300000, 0x0000000081300000|100%|HC|  |TAMS 0x0000000081300000, 0x0000000081200000| Complete 
|  19|0x0000000081300000, 0x0000000081400000, 0x0000000081400000|100%|HS|  |TAMS 0x0000000081400000, 0x0000000081300000| Complete 
|  20|0x0000000081400000, 0x0000000081500000, 0x0000000081500000|100%|HC|  |TAMS 0x0000000081500000, 0x0000000081400000| Complete 
|  21|0x0000000081500000, 0x0000000081600000, 0x0000000081600000|100%|HC|  |TAMS 0x0000000081600000, 0x0000000081500000| Complete 
|  22|0x0000000081600000, 0x0000000081700000, 0x0000000081700000|100%|HC|  |TAMS 0x0000000081700000, 0x0000000081600000| Complete 
|  23|0x0000000081700000, 0x0000000081800000, 0x0000000081800000|100%| O|  |TAMS 0x0000000081800000, 0x0000000081700000| Untracked 
|  24|0x0000000081800000, 0x0000000081900000, 0x0000000081900000|100%| O|  |TAMS 0x0000000081900000, 0x0000000081800000| Untracked 
|  25|0x0000000081900000, 0x0000000081a00000, 0x0000000081a00000|100%| O|  |TAMS 0x0000000081a00000, 0x0000000081900000| Untracked 
|  26|0x0000000081a00000, 0x0000000081b00000, 0x0000000081b00000|100%| O|  |TAMS 0x0000000081b00000, 0x0000000081a00000| Untracked 
|  27|0x0000000081b00000, 0x0000000081c00000, 0x0000000081c00000|100%| O|  |TAMS 0x0000000081c00000, 0x0000000081b00000| Untracked 
|  28|0x0000000081c00000, 0x0000000081d00000, 0x0000000081d00000|100%| O|  |TAMS 0x0000000081d00000, 0x0000000081c00000| Untracked 
|  29|0x0000000081d00000, 0x0000000081e00000, 0x0000000081e00000|100%| O|  |TAMS 0x0000000081e00000, 0x0000000081d00000| Untracked 
|  30|0x0000000081e00000, 0x0000000081f00000, 0x0000000081f00000|100%| O|  |TAMS 0x0000000081f00000, 0x0000000081e00000| Untracked 
|  31|0x0000000081f00000, 0x0000000082000000, 0x0000000082000000|100%| O|  |TAMS 0x0000000082000000, 0x0000000081f00000| Untracked 
|  32|0x0000000082000000, 0x0000000082100000, 0x0000000082100000|100%| O|  |TAMS 0x0000000082000000, 0x0000000082000000| Untracked 
|  33|0x0000000082100000, 0x0000000082200000, 0x0000000082200000|100%| O|  |TAMS 0x0000000082100000, 0x0000000082100000| Untracked 
|  34|0x0000000082200000, 0x0000000082300000, 0x0000000082300000|100%| O|  |TAMS 0x0000000082300000, 0x0000000082200000| Untracked 
|  35|0x0000000082300000, 0x0000000082400000, 0x0000000082400000|100%| O|  |TAMS 0x0000000082400000, 0x0000000082300000| Untracked 
|  36|0x0000000082400000, 0x0000000082500000, 0x0000000082500000|100%| O|  |TAMS 0x0000000082500000, 0x0000000082400000| Untracked 
|  37|0x0000000082500000, 0x0000000082600000, 0x0000000082600000|100%| O|  |TAMS 0x0000000082600000, 0x0000000082500000| Untracked 
|  38|0x0000000082600000, 0x0000000082700000, 0x0000000082700000|100%| O|  |TAMS 0x0000000082700000, 0x0000000082600000| Untracked 
|  39|0x0000000082700000, 0x0000000082800000, 0x0000000082800000|100%|HS|  |TAMS 0x0000000082700000, 0x0000000082700000| Complete 
|  40|0x0000000082800000, 0x0000000082900000, 0x0000000082900000|100%|HC|  |TAMS 0x0000000082800000, 0x0000000082800000| Complete 
|  41|0x0000000082900000, 0x0000000082a00000, 0x0000000082a00000|100%|HC|  |TAMS 0x0000000082900000, 0x0000000082900000| Complete 
|  42|0x0000000082a00000, 0x0000000082b00000, 0x0000000082b00000|100%| O|  |TAMS 0x0000000082b00000, 0x0000000082a00000| Untracked 
|  43|0x0000000082b00000, 0x0000000082c00000, 0x0000000082c00000|100%| O|  |TAMS 0x0000000082c00000, 0x0000000082b00000| Untracked 
|  44|0x0000000082c00000, 0x0000000082d00000, 0x0000000082d00000|100%| O|  |TAMS 0x0000000082d00000, 0x0000000082c00000| Untracked 
|  45|0x0000000082d00000, 0x0000000082e00000, 0x0000000082e00000|100%| O|  |TAMS 0x0000000082e00000, 0x0000000082d00000| Untracked 
|  46|0x0000000082e00000, 0x0000000082f00000, 0x0000000082f00000|100%| O|  |TAMS 0x0000000082f00000, 0x0000000082e00000| Untracked 
|  47|0x0000000082f00000, 0x0000000083000000, 0x0000000083000000|100%| O|  |TAMS 0x0000000082f00000, 0x0000000082f00000| Untracked 
|  48|0x0000000083000000, 0x0000000083100000, 0x0000000083100000|100%| O|  |TAMS 0x0000000083100000, 0x0000000083000000| Untracked 
|  49|0x0000000083100000, 0x0000000083200000, 0x0000000083200000|100%| O|  |TAMS 0x0000000083200000, 0x0000000083100000| Untracked 
|  50|0x0000000083200000, 0x0000000083300000, 0x0000000083300000|100%|HS|  |TAMS 0x0000000083200000, 0x0000000083200000| Complete 
|  51|0x0000000083300000, 0x0000000083400000, 0x0000000083400000|100%|HC|  |TAMS 0x0000000083300000, 0x0000000083300000| Complete 
|  52|0x0000000083400000, 0x0000000083500000, 0x0000000083500000|100%|HC|  |TAMS 0x0000000083400000, 0x0000000083400000| Complete 
|  53|0x0000000083500000, 0x0000000083600000, 0x0000000083600000|100%|HC|  |TAMS 0x0000000083500000, 0x0000000083500000| Complete 
|  54|0x0000000083600000, 0x0000000083700000, 0x0000000083700000|100%| O|  |TAMS 0x0000000083600000, 0x0000000083600000| Untracked 
|  55|0x0000000083700000, 0x0000000083800000, 0x0000000083800000|100%| O|  |TAMS 0x0000000083700000, 0x0000000083700000| Untracked 
|  56|0x0000000083800000, 0x0000000083900000, 0x0000000083900000|100%| O|  |TAMS 0x0000000083800000, 0x0000000083800000| Untracked 
|  57|0x0000000083900000, 0x0000000083a00000, 0x0000000083a00000|100%| O|  |TAMS 0x0000000083900000, 0x0000000083900000| Untracked 
|  58|0x0000000083a00000, 0x0000000083b00000, 0x0000000083b00000|100%| O|  |TAMS 0x0000000083a00000, 0x0000000083a00000| Untracked 
|  59|0x0000000083b00000, 0x0000000083c00000, 0x0000000083c00000|100%| O|  |TAMS 0x0000000083b00000, 0x0000000083b00000| Untracked 
|  60|0x0000000083c00000, 0x0000000083d00000, 0x0000000083d00000|100%| O|  |TAMS 0x0000000083c00000, 0x0000000083c00000| Untracked 
|  61|0x0000000083d00000, 0x0000000083d82c00, 0x0000000083e00000| 51%| O|  |TAMS 0x0000000083d00000, 0x0000000083d00000| Untracked 
|  62|0x0000000083e00000, 0x0000000083e00000, 0x0000000083f00000|  0%| F|  |TAMS 0x0000000083e00000, 0x0000000083e00000| Untracked 
|  63|0x0000000083f00000, 0x0000000083f00000, 0x0000000084000000|  0%| F|  |TAMS 0x0000000083f00000, 0x0000000083f00000| Untracked 
|  64|0x0000000084000000, 0x0000000084100000, 0x0000000084100000|100%| O|  |TAMS 0x0000000084100000, 0x0000000084000000| Untracked 
|  65|0x0000000084100000, 0x0000000084100000, 0x0000000084200000|  0%| F|  |TAMS 0x0000000084100000, 0x0000000084100000| Untracked 
|  66|0x0000000084200000, 0x0000000084300000, 0x0000000084300000|100%| O|  |TAMS 0x0000000084300000, 0x0000000084200000| Untracked 
|  67|0x0000000084300000, 0x0000000084300000, 0x0000000084400000|  0%| F|  |TAMS 0x0000000084300000, 0x0000000084300000| Untracked 
|  68|0x0000000084400000, 0x0000000084400000, 0x0000000084500000|  0%| F|  |TAMS 0x0000000084400000, 0x0000000084400000| Untracked 
|  69|0x0000000084500000, 0x0000000084500000, 0x0000000084600000|  0%| F|  |TAMS 0x0000000084500000, 0x0000000084500000| Untracked 
|  70|0x0000000084600000, 0x0000000084600000, 0x0000000084700000|  0%| F|  |TAMS 0x0000000084600000, 0x0000000084600000| Untracked 
|  71|0x0000000084700000, 0x0000000084700000, 0x0000000084800000|  0%| F|  |TAMS 0x0000000084700000, 0x0000000084700000| Untracked 
|  72|0x0000000084800000, 0x0000000084800000, 0x0000000084900000|  0%| F|  |TAMS 0x0000000084800000, 0x0000000084800000| Untracked 
|  73|0x0000000084900000, 0x0000000084900000, 0x0000000084a00000|  0%| F|  |TAMS 0x0000000084900000, 0x0000000084900000| Untracked 
|  74|0x0000000084a00000, 0x0000000084a00000, 0x0000000084b00000|  0%| F|  |TAMS 0x0000000084a00000, 0x0000000084a00000| Untracked 
|  75|0x0000000084b00000, 0x0000000084b00000, 0x0000000084c00000|  0%| F|  |TAMS 0x0000000084b00000, 0x0000000084b00000| Untracked 
|  76|0x0000000084c00000, 0x0000000084c00000, 0x0000000084d00000|  0%| F|  |TAMS 0x0000000084c00000, 0x0000000084c00000| Untracked 
|  77|0x0000000084d00000, 0x0000000084d00000, 0x0000000084e00000|  0%| F|  |TAMS 0x0000000084d00000, 0x0000000084d00000| Untracked 
|  78|0x0000000084e00000, 0x0000000084e00000, 0x0000000084f00000|  0%| F|  |TAMS 0x0000000084e00000, 0x0000000084e00000| Untracked 
|  79|0x0000000084f00000, 0x0000000084f00000, 0x0000000085000000|  0%| F|  |TAMS 0x0000000084f00000, 0x0000000084f00000| Untracked 
|  80|0x0000000085000000, 0x0000000085000000, 0x0000000085100000|  0%| F|  |TAMS 0x0000000085000000, 0x0000000085000000| Untracked 
|  81|0x0000000085100000, 0x0000000085100000, 0x0000000085200000|  0%| F|  |TAMS 0x0000000085100000, 0x0000000085100000| Untracked 
|  82|0x0000000085200000, 0x0000000085200000, 0x0000000085300000|  0%| F|  |TAMS 0x0000000085200000, 0x0000000085200000| Untracked 
|  83|0x0000000085300000, 0x0000000085300000, 0x0000000085400000|  0%| F|  |TAMS 0x0000000085300000, 0x0000000085300000| Untracked 
|  84|0x0000000085400000, 0x0000000085400000, 0x0000000085500000|  0%| F|  |TAMS 0x0000000085400000, 0x0000000085400000| Untracked 
|  85|0x0000000085500000, 0x0000000085500000, 0x0000000085600000|  0%| F|  |TAMS 0x0000000085500000, 0x0000000085500000| Untracked 
|  86|0x0000000085600000, 0x0000000085600000, 0x0000000085700000|  0%| F|  |TAMS 0x0000000085600000, 0x0000000085600000| Untracked 
|  87|0x0000000085700000, 0x0000000085700000, 0x0000000085800000|  0%| F|  |TAMS 0x0000000085700000, 0x0000000085700000| Untracked 
|  88|0x0000000085800000, 0x0000000085800000, 0x0000000085900000|  0%| F|  |TAMS 0x0000000085800000, 0x0000000085800000| Untracked 
|  89|0x0000000085900000, 0x0000000085900000, 0x0000000085a00000|  0%| F|  |TAMS 0x0000000085900000, 0x0000000085900000| Untracked 
|  90|0x0000000085a00000, 0x0000000085a00000, 0x0000000085b00000|  0%| F|  |TAMS 0x0000000085a00000, 0x0000000085a00000| Untracked 
|  91|0x0000000085b00000, 0x0000000085b00000, 0x0000000085c00000|  0%| F|  |TAMS 0x0000000085b00000, 0x0000000085b00000| Untracked 
|  92|0x0000000085c00000, 0x0000000085c00000, 0x0000000085d00000|  0%| F|  |TAMS 0x0000000085c00000, 0x0000000085c00000| Untracked 
|  93|0x0000000085d00000, 0x0000000085d00000, 0x0000000085e00000|  0%| F|  |TAMS 0x0000000085d00000, 0x0000000085d00000| Untracked 
|  94|0x0000000085e00000, 0x0000000085e00000, 0x0000000085f00000|  0%| F|  |TAMS 0x0000000085e00000, 0x0000000085e00000| Untracked 
|  95|0x0000000085f00000, 0x0000000085f00000, 0x0000000086000000|  0%| F|  |TAMS 0x0000000085f00000, 0x0000000085f00000| Untracked 
|  96|0x0000000086000000, 0x0000000086000000, 0x0000000086100000|  0%| F|  |TAMS 0x0000000086000000, 0x0000000086000000| Untracked 
|  97|0x0000000086100000, 0x0000000086100000, 0x0000000086200000|  0%| F|  |TAMS 0x0000000086100000, 0x0000000086100000| Untracked 
|  98|0x0000000086200000, 0x0000000086200000, 0x0000000086300000|  0%| F|  |TAMS 0x0000000086200000, 0x0000000086200000| Untracked 
|  99|0x0000000086300000, 0x0000000086300000, 0x0000000086400000|  0%| F|  |TAMS 0x0000000086300000, 0x0000000086300000| Untracked 
| 100|0x0000000086400000, 0x0000000086400000, 0x0000000086500000|  0%| F|  |TAMS 0x0000000086400000, 0x0000000086400000| Untracked 
| 101|0x0000000086500000, 0x0000000086500000, 0x0000000086600000|  0%| F|  |TAMS 0x0000000086500000, 0x0000000086500000| Untracked 
| 102|0x0000000086600000, 0x0000000086600000, 0x0000000086700000|  0%| F|  |TAMS 0x0000000086600000, 0x0000000086600000| Untracked 
| 103|0x0000000086700000, 0x0000000086700000, 0x0000000086800000|  0%| F|  |TAMS 0x0000000086700000, 0x0000000086700000| Untracked 
| 104|0x0000000086800000, 0x0000000086800000, 0x0000000086900000|  0%| F|  |TAMS 0x0000000086800000, 0x0000000086800000| Untracked 
| 105|0x0000000086900000, 0x0000000086900000, 0x0000000086a00000|  0%| F|  |TAMS 0x0000000086900000, 0x0000000086900000| Untracked 
| 106|0x0000000086a00000, 0x0000000086a00000, 0x0000000086b00000|  0%| F|  |TAMS 0x0000000086a00000, 0x0000000086a00000| Untracked 
| 107|0x0000000086b00000, 0x0000000086b00000, 0x0000000086c00000|  0%| F|  |TAMS 0x0000000086b00000, 0x0000000086b00000| Untracked 
| 108|0x0000000086c00000, 0x0000000086c00000, 0x0000000086d00000|  0%| F|  |TAMS 0x0000000086c00000, 0x0000000086c00000| Untracked 
| 109|0x0000000086d00000, 0x0000000086d00000, 0x0000000086e00000|  0%| F|  |TAMS 0x0000000086d00000, 0x0000000086d00000| Untracked 
| 110|0x0000000086e00000, 0x0000000086e00000, 0x0000000086f00000|  0%| F|  |TAMS 0x0000000086e00000, 0x0000000086e00000| Untracked 
| 111|0x0000000086f00000, 0x0000000086f00000, 0x0000000087000000|  0%| F|  |TAMS 0x0000000086f00000, 0x0000000086f00000| Untracked 
| 112|0x0000000087000000, 0x0000000087000000, 0x0000000087100000|  0%| F|  |TAMS 0x0000000087000000, 0x0000000087000000| Untracked 
| 113|0x0000000087100000, 0x0000000087100000, 0x0000000087200000|  0%| F|  |TAMS 0x0000000087100000, 0x0000000087100000| Untracked 
| 114|0x0000000087200000, 0x0000000087200000, 0x0000000087300000|  0%| F|  |TAMS 0x0000000087200000, 0x0000000087200000| Untracked 
| 115|0x0000000087300000, 0x0000000087300000, 0x0000000087400000|  0%| F|  |TAMS 0x0000000087300000, 0x0000000087300000| Untracked 
| 116|0x0000000087400000, 0x0000000087400000, 0x0000000087500000|  0%| F|  |TAMS 0x0000000087400000, 0x0000000087400000| Untracked 
| 117|0x0000000087500000, 0x0000000087500000, 0x0000000087600000|  0%| F|  |TAMS 0x0000000087500000, 0x0000000087500000| Untracked 
| 118|0x0000000087600000, 0x0000000087600000, 0x0000000087700000|  0%| F|  |TAMS 0x0000000087600000, 0x0000000087600000| Untracked 
| 119|0x0000000087700000, 0x0000000087700000, 0x0000000087800000|  0%| F|  |TAMS 0x0000000087700000, 0x0000000087700000| Untracked 
| 120|0x0000000087800000, 0x0000000087800000, 0x0000000087900000|  0%| F|  |TAMS 0x0000000087800000, 0x0000000087800000| Untracked 
| 121|0x0000000087900000, 0x0000000087900000, 0x0000000087a00000|  0%| F|  |TAMS 0x0000000087900000, 0x0000000087900000| Untracked 
| 122|0x0000000087a00000, 0x0000000087a00000, 0x0000000087b00000|  0%| F|  |TAMS 0x0000000087a00000, 0x0000000087a00000| Untracked 
| 123|0x0000000087b00000, 0x0000000087b00000, 0x0000000087c00000|  0%| F|  |TAMS 0x0000000087b00000, 0x0000000087b00000| Untracked 
| 124|0x0000000087c00000, 0x0000000087c00000, 0x0000000087d00000|  0%| F|  |TAMS 0x0000000087c00000, 0x0000000087c00000| Untracked 
| 125|0x0000000087d00000, 0x0000000087d00000, 0x0000000087e00000|  0%| F|  |TAMS 0x0000000087d00000, 0x0000000087d00000| Untracked 
| 126|0x0000000087e00000, 0x0000000087e00000, 0x0000000087f00000|  0%| F|  |TAMS 0x0000000087e00000, 0x0000000087e00000| Untracked 
| 127|0x0000000087f00000, 0x0000000087f00000, 0x0000000088000000|  0%| F|  |TAMS 0x0000000087f00000, 0x0000000087f00000| Untracked 
| 128|0x0000000088000000, 0x0000000088000000, 0x0000000088100000|  0%| F|  |TAMS 0x0000000088000000, 0x0000000088000000| Untracked 
| 129|0x0000000088100000, 0x0000000088100000, 0x0000000088200000|  0%| F|  |TAMS 0x0000000088100000, 0x0000000088100000| Untracked 
| 130|0x0000000088200000, 0x0000000088200000, 0x0000000088300000|  0%| F|  |TAMS 0x0000000088200000, 0x0000000088200000| Untracked 
| 131|0x0000000088300000, 0x00000000883445d0, 0x0000000088400000| 26%| S|CS|TAMS 0x0000000088300000, 0x0000000088300000| Complete 
| 132|0x0000000088400000, 0x0000000088500000, 0x0000000088500000|100%| S|CS|TAMS 0x0000000088400000, 0x0000000088400000| Complete 
| 133|0x0000000088500000, 0x0000000088600000, 0x0000000088600000|100%| S|CS|TAMS 0x0000000088500000, 0x0000000088500000| Complete 
| 134|0x0000000088600000, 0x0000000088600000, 0x0000000088700000|  0%| F|  |TAMS 0x0000000088600000, 0x0000000088600000| Untracked 
| 135|0x0000000088700000, 0x0000000088700000, 0x0000000088800000|  0%| F|  |TAMS 0x0000000088700000, 0x0000000088700000| Untracked 
| 136|0x0000000088800000, 0x0000000088800000, 0x0000000088900000|  0%| F|  |TAMS 0x0000000088800000, 0x0000000088800000| Untracked 
| 137|0x0000000088900000, 0x0000000088900000, 0x0000000088a00000|  0%| F|  |TAMS 0x0000000088900000, 0x0000000088900000| Untracked 
| 138|0x0000000088a00000, 0x0000000088a00000, 0x0000000088b00000|  0%| F|  |TAMS 0x0000000088a00000, 0x0000000088a00000| Untracked 
| 139|0x0000000088b00000, 0x0000000088b00000, 0x0000000088c00000|  0%| F|  |TAMS 0x0000000088b00000, 0x0000000088b00000| Untracked 
| 140|0x0000000088c00000, 0x0000000088c00000, 0x0000000088d00000|  0%| F|  |TAMS 0x0000000088c00000, 0x0000000088c00000| Untracked 
| 141|0x0000000088d00000, 0x0000000088d00000, 0x0000000088e00000|  0%| F|  |TAMS 0x0000000088d00000, 0x0000000088d00000| Untracked 
| 142|0x0000000088e00000, 0x0000000088e00000, 0x0000000088f00000|  0%| F|  |TAMS 0x0000000088e00000, 0x0000000088e00000| Untracked 
| 143|0x0000000088f00000, 0x0000000088f00000, 0x0000000089000000|  0%| F|  |TAMS 0x0000000088f00000, 0x0000000088f00000| Untracked 
| 144|0x0000000089000000, 0x0000000089000000, 0x0000000089100000|  0%| F|  |TAMS 0x0000000089000000, 0x0000000089000000| Untracked 
| 145|0x0000000089100000, 0x0000000089100000, 0x0000000089200000|  0%| F|  |TAMS 0x0000000089100000, 0x0000000089100000| Untracked 
| 146|0x0000000089200000, 0x0000000089200000, 0x0000000089300000|  0%| F|  |TAMS 0x0000000089200000, 0x0000000089200000| Untracked 
| 147|0x0000000089300000, 0x0000000089300000, 0x0000000089400000|  0%| F|  |TAMS 0x0000000089300000, 0x0000000089300000| Untracked 
| 148|0x0000000089400000, 0x0000000089400000, 0x0000000089500000|  0%| F|  |TAMS 0x0000000089400000, 0x0000000089400000| Untracked 
| 149|0x0000000089500000, 0x0000000089500000, 0x0000000089600000|  0%| F|  |TAMS 0x0000000089500000, 0x0000000089500000| Untracked 
| 150|0x0000000089600000, 0x0000000089600000, 0x0000000089700000|  0%| F|  |TAMS 0x0000000089600000, 0x0000000089600000| Untracked 
| 151|0x0000000089700000, 0x0000000089700000, 0x0000000089800000|  0%| F|  |TAMS 0x0000000089700000, 0x0000000089700000| Untracked 
| 152|0x0000000089800000, 0x0000000089800000, 0x0000000089900000|  0%| F|  |TAMS 0x0000000089800000, 0x0000000089800000| Untracked 
| 153|0x0000000089900000, 0x0000000089900000, 0x0000000089a00000|  0%| F|  |TAMS 0x0000000089900000, 0x0000000089900000| Untracked 
| 154|0x0000000089a00000, 0x0000000089a00000, 0x0000000089b00000|  0%| F|  |TAMS 0x0000000089a00000, 0x0000000089a00000| Untracked 
| 155|0x0000000089b00000, 0x0000000089b00000, 0x0000000089c00000|  0%| F|  |TAMS 0x0000000089b00000, 0x0000000089b00000| Untracked 
| 156|0x0000000089c00000, 0x0000000089c00000, 0x0000000089d00000|  0%| F|  |TAMS 0x0000000089c00000, 0x0000000089c00000| Untracked 
| 157|0x0000000089d00000, 0x0000000089d00000, 0x0000000089e00000|  0%| F|  |TAMS 0x0000000089d00000, 0x0000000089d00000| Untracked 
| 158|0x0000000089e00000, 0x0000000089e00000, 0x0000000089f00000|  0%| F|  |TAMS 0x0000000089e00000, 0x0000000089e00000| Untracked 
| 159|0x0000000089f00000, 0x0000000089f00000, 0x000000008a000000|  0%| F|  |TAMS 0x0000000089f00000, 0x0000000089f00000| Untracked 
| 160|0x000000008a000000, 0x000000008a000000, 0x000000008a100000|  0%| F|  |TAMS 0x000000008a000000, 0x000000008a000000| Untracked 
| 161|0x000000008a100000, 0x000000008a100000, 0x000000008a200000|  0%| F|  |TAMS 0x000000008a100000, 0x000000008a100000| Untracked 
| 162|0x000000008a200000, 0x000000008a200000, 0x000000008a300000|  0%| F|  |TAMS 0x000000008a200000, 0x000000008a200000| Untracked 
| 163|0x000000008a300000, 0x000000008a300000, 0x000000008a400000|  0%| F|  |TAMS 0x000000008a300000, 0x000000008a300000| Untracked 
| 164|0x000000008a400000, 0x000000008a400000, 0x000000008a500000|  0%| F|  |TAMS 0x000000008a400000, 0x000000008a400000| Untracked 
| 165|0x000000008a500000, 0x000000008a500000, 0x000000008a600000|  0%| F|  |TAMS 0x000000008a500000, 0x000000008a500000| Untracked 
| 166|0x000000008a600000, 0x000000008a600000, 0x000000008a700000|  0%| F|  |TAMS 0x000000008a600000, 0x000000008a600000| Untracked 
| 167|0x000000008a700000, 0x000000008a700000, 0x000000008a800000|  0%| F|  |TAMS 0x000000008a700000, 0x000000008a700000| Untracked 
| 168|0x000000008a800000, 0x000000008a800000, 0x000000008a900000|  0%| F|  |TAMS 0x000000008a800000, 0x000000008a800000| Untracked 
| 169|0x000000008a900000, 0x000000008a900000, 0x000000008aa00000|  0%| F|  |TAMS 0x000000008a900000, 0x000000008a900000| Untracked 
| 170|0x000000008aa00000, 0x000000008aa00000, 0x000000008ab00000|  0%| F|  |TAMS 0x000000008aa00000, 0x000000008aa00000| Untracked 
| 171|0x000000008ab00000, 0x000000008ab00000, 0x000000008ac00000|  0%| F|  |TAMS 0x000000008ab00000, 0x000000008ab00000| Untracked 
| 172|0x000000008ac00000, 0x000000008ac00000, 0x000000008ad00000|  0%| F|  |TAMS 0x000000008ac00000, 0x000000008ac00000| Untracked 
| 173|0x000000008ad00000, 0x000000008ad00000, 0x000000008ae00000|  0%| F|  |TAMS 0x000000008ad00000, 0x000000008ad00000| Untracked 
| 174|0x000000008ae00000, 0x000000008ae00000, 0x000000008af00000|  0%| F|  |TAMS 0x000000008ae00000, 0x000000008ae00000| Untracked 
| 175|0x000000008af00000, 0x000000008af00000, 0x000000008b000000|  0%| F|  |TAMS 0x000000008af00000, 0x000000008af00000| Untracked 
| 176|0x000000008b000000, 0x000000008b082a70, 0x000000008b100000| 51%| E|  |TAMS 0x000000008b000000, 0x000000008b000000| Complete 
| 177|0x000000008b100000, 0x000000008b200000, 0x000000008b200000|100%| E|CS|TAMS 0x000000008b100000, 0x000000008b100000| Complete 
| 178|0x000000008b200000, 0x000000008b300000, 0x000000008b300000|100%| E|CS|TAMS 0x000000008b200000, 0x000000008b200000| Complete 
| 179|0x000000008b300000, 0x000000008b400000, 0x000000008b400000|100%| E|CS|TAMS 0x000000008b300000, 0x000000008b300000| Complete 
| 180|0x000000008b400000, 0x000000008b500000, 0x000000008b500000|100%| E|CS|TAMS 0x000000008b400000, 0x000000008b400000| Complete 
| 181|0x000000008b500000, 0x000000008b600000, 0x000000008b600000|100%| E|CS|TAMS 0x000000008b500000, 0x000000008b500000| Complete 
| 182|0x000000008b600000, 0x000000008b700000, 0x000000008b700000|100%| E|CS|TAMS 0x000000008b600000, 0x000000008b600000| Complete 
| 183|0x000000008b700000, 0x000000008b800000, 0x000000008b800000|100%| E|CS|TAMS 0x000000008b700000, 0x000000008b700000| Complete 
| 184|0x000000008b800000, 0x000000008b900000, 0x000000008b900000|100%| E|CS|TAMS 0x000000008b800000, 0x000000008b800000| Complete 
| 185|0x000000008b900000, 0x000000008ba00000, 0x000000008ba00000|100%| E|CS|TAMS 0x000000008b900000, 0x000000008b900000| Complete 
| 186|0x000000008ba00000, 0x000000008bb00000, 0x000000008bb00000|100%| E|CS|TAMS 0x000000008ba00000, 0x000000008ba00000| Complete 
| 187|0x000000008bb00000, 0x000000008bc00000, 0x000000008bc00000|100%| E|CS|TAMS 0x000000008bb00000, 0x000000008bb00000| Complete 
| 188|0x000000008bc00000, 0x000000008bd00000, 0x000000008bd00000|100%| E|CS|TAMS 0x000000008bc00000, 0x000000008bc00000| Complete 
| 189|0x000000008bd00000, 0x000000008be00000, 0x000000008be00000|100%| E|CS|TAMS 0x000000008bd00000, 0x000000008bd00000| Complete 
| 190|0x000000008be00000, 0x000000008bf00000, 0x000000008bf00000|100%| E|CS|TAMS 0x000000008be00000, 0x000000008be00000| Complete 
| 191|0x000000008bf00000, 0x000000008c000000, 0x000000008c000000|100%| E|CS|TAMS 0x000000008bf00000, 0x000000008bf00000| Complete 
| 192|0x000000008c000000, 0x000000008c100000, 0x000000008c100000|100%| E|CS|TAMS 0x000000008c000000, 0x000000008c000000| Complete 
| 193|0x000000008c100000, 0x000000008c200000, 0x000000008c200000|100%| E|CS|TAMS 0x000000008c100000, 0x000000008c100000| Complete 
| 194|0x000000008c200000, 0x000000008c300000, 0x000000008c300000|100%| E|CS|TAMS 0x000000008c200000, 0x000000008c200000| Complete 
| 195|0x000000008c300000, 0x000000008c400000, 0x000000008c400000|100%| E|CS|TAMS 0x000000008c300000, 0x000000008c300000| Complete 
| 196|0x000000008c400000, 0x000000008c500000, 0x000000008c500000|100%| E|CS|TAMS 0x000000008c400000, 0x000000008c400000| Complete 
| 197|0x000000008c500000, 0x000000008c600000, 0x000000008c600000|100%| E|CS|TAMS 0x000000008c500000, 0x000000008c500000| Complete 
| 198|0x000000008c600000, 0x000000008c700000, 0x000000008c700000|100%| E|CS|TAMS 0x000000008c600000, 0x000000008c600000| Complete 
| 199|0x000000008c700000, 0x000000008c800000, 0x000000008c800000|100%| E|CS|TAMS 0x000000008c700000, 0x000000008c700000| Complete 
| 200|0x000000008c800000, 0x000000008c900000, 0x000000008c900000|100%| E|CS|TAMS 0x000000008c800000, 0x000000008c800000| Complete 
| 201|0x000000008c900000, 0x000000008ca00000, 0x000000008ca00000|100%| E|CS|TAMS 0x000000008c900000, 0x000000008c900000| Complete 
| 202|0x000000008ca00000, 0x000000008cb00000, 0x000000008cb00000|100%| E|CS|TAMS 0x000000008ca00000, 0x000000008ca00000| Complete 
| 203|0x000000008cb00000, 0x000000008cc00000, 0x000000008cc00000|100%| E|CS|TAMS 0x000000008cb00000, 0x000000008cb00000| Complete 
| 204|0x000000008cc00000, 0x000000008cd00000, 0x000000008cd00000|100%| E|CS|TAMS 0x000000008cc00000, 0x000000008cc00000| Complete 
| 205|0x000000008cd00000, 0x000000008ce00000, 0x000000008ce00000|100%| E|CS|TAMS 0x000000008cd00000, 0x000000008cd00000| Complete 
| 206|0x000000008ce00000, 0x000000008cf00000, 0x000000008cf00000|100%| E|CS|TAMS 0x000000008ce00000, 0x000000008ce00000| Complete 
| 207|0x000000008cf00000, 0x000000008d000000, 0x000000008d000000|100%| E|CS|TAMS 0x000000008cf00000, 0x000000008cf00000| Complete 
| 208|0x000000008d000000, 0x000000008d100000, 0x000000008d100000|100%| E|CS|TAMS 0x000000008d000000, 0x000000008d000000| Complete 
| 209|0x000000008d100000, 0x000000008d200000, 0x000000008d200000|100%| E|CS|TAMS 0x000000008d100000, 0x000000008d100000| Complete 
| 210|0x000000008d200000, 0x000000008d300000, 0x000000008d300000|100%| E|CS|TAMS 0x000000008d200000, 0x000000008d200000| Complete 
| 211|0x000000008d300000, 0x000000008d400000, 0x000000008d400000|100%| E|CS|TAMS 0x000000008d300000, 0x000000008d300000| Complete 
| 212|0x000000008d400000, 0x000000008d500000, 0x000000008d500000|100%| E|CS|TAMS 0x000000008d400000, 0x000000008d400000| Complete 
| 213|0x000000008d500000, 0x000000008d600000, 0x000000008d600000|100%| E|CS|TAMS 0x000000008d500000, 0x000000008d500000| Complete 
| 214|0x000000008d600000, 0x000000008d700000, 0x000000008d700000|100%| E|CS|TAMS 0x000000008d600000, 0x000000008d600000| Complete 
| 215|0x000000008d700000, 0x000000008d800000, 0x000000008d800000|100%| E|CS|TAMS 0x000000008d700000, 0x000000008d700000| Complete 
| 216|0x000000008d800000, 0x000000008d900000, 0x000000008d900000|100%| E|CS|TAMS 0x000000008d800000, 0x000000008d800000| Complete 
| 217|0x000000008d900000, 0x000000008da00000, 0x000000008da00000|100%| E|CS|TAMS 0x000000008d900000, 0x000000008d900000| Complete 
| 218|0x000000008da00000, 0x000000008db00000, 0x000000008db00000|100%| E|CS|TAMS 0x000000008da00000, 0x000000008da00000| Complete 
| 219|0x000000008db00000, 0x000000008dc00000, 0x000000008dc00000|100%| E|CS|TAMS 0x000000008db00000, 0x000000008db00000| Complete 
| 220|0x000000008dc00000, 0x000000008dd00000, 0x000000008dd00000|100%| E|CS|TAMS 0x000000008dc00000, 0x000000008dc00000| Complete 
| 221|0x000000008dd00000, 0x000000008de00000, 0x000000008de00000|100%| E|CS|TAMS 0x000000008dd00000, 0x000000008dd00000| Complete 
| 222|0x000000008de00000, 0x000000008df00000, 0x000000008df00000|100%| E|CS|TAMS 0x000000008de00000, 0x000000008de00000| Complete 
| 223|0x000000008df00000, 0x000000008e000000, 0x000000008e000000|100%| E|CS|TAMS 0x000000008df00000, 0x000000008df00000| Complete 
| 224|0x000000008e000000, 0x000000008e100000, 0x000000008e100000|100%| E|CS|TAMS 0x000000008e000000, 0x000000008e000000| Complete 
| 225|0x000000008e100000, 0x000000008e200000, 0x000000008e200000|100%| E|CS|TAMS 0x000000008e100000, 0x000000008e100000| Complete 
| 226|0x000000008e200000, 0x000000008e300000, 0x000000008e300000|100%| E|CS|TAMS 0x000000008e200000, 0x000000008e200000| Complete 
| 227|0x000000008e300000, 0x000000008e400000, 0x000000008e400000|100%| E|CS|TAMS 0x000000008e300000, 0x000000008e300000| Complete 
| 228|0x000000008e400000, 0x000000008e500000, 0x000000008e500000|100%| E|CS|TAMS 0x000000008e400000, 0x000000008e400000| Complete 
| 229|0x000000008e500000, 0x000000008e600000, 0x000000008e600000|100%| E|CS|TAMS 0x000000008e500000, 0x000000008e500000| Complete 
| 230|0x000000008e600000, 0x000000008e700000, 0x000000008e700000|100%| E|CS|TAMS 0x000000008e600000, 0x000000008e600000| Complete 
| 231|0x000000008e700000, 0x000000008e800000, 0x000000008e800000|100%| E|CS|TAMS 0x000000008e700000, 0x000000008e700000| Complete 
| 232|0x000000008e800000, 0x000000008e900000, 0x000000008e900000|100%| E|CS|TAMS 0x000000008e800000, 0x000000008e800000| Complete 
| 233|0x000000008e900000, 0x000000008ea00000, 0x000000008ea00000|100%| E|CS|TAMS 0x000000008e900000, 0x000000008e900000| Complete 
| 234|0x000000008ea00000, 0x000000008eb00000, 0x000000008eb00000|100%| E|CS|TAMS 0x000000008ea00000, 0x000000008ea00000| Complete 
| 235|0x000000008eb00000, 0x000000008ec00000, 0x000000008ec00000|100%| E|CS|TAMS 0x000000008eb00000, 0x000000008eb00000| Complete 
| 236|0x000000008ec00000, 0x000000008ed00000, 0x000000008ed00000|100%| E|CS|TAMS 0x000000008ec00000, 0x000000008ec00000| Complete 
| 237|0x000000008ed00000, 0x000000008ee00000, 0x000000008ee00000|100%| E|CS|TAMS 0x000000008ed00000, 0x000000008ed00000| Complete 
| 238|0x000000008ee00000, 0x000000008ef00000, 0x000000008ef00000|100%| E|CS|TAMS 0x000000008ee00000, 0x000000008ee00000| Complete 
| 239|0x000000008ef00000, 0x000000008f000000, 0x000000008f000000|100%| E|CS|TAMS 0x000000008ef00000, 0x000000008ef00000| Complete 
| 240|0x000000008f000000, 0x000000008f100000, 0x000000008f100000|100%| E|CS|TAMS 0x000000008f000000, 0x000000008f000000| Complete 
| 241|0x000000008f100000, 0x000000008f200000, 0x000000008f200000|100%| E|CS|TAMS 0x000000008f100000, 0x000000008f100000| Complete 
| 242|0x000000008f200000, 0x000000008f300000, 0x000000008f300000|100%| E|CS|TAMS 0x000000008f200000, 0x000000008f200000| Complete 
| 243|0x000000008f300000, 0x000000008f400000, 0x000000008f400000|100%| E|CS|TAMS 0x000000008f300000, 0x000000008f300000| Complete 
| 244|0x000000008f400000, 0x000000008f500000, 0x000000008f500000|100%| E|CS|TAMS 0x000000008f400000, 0x000000008f400000| Complete 
| 245|0x000000008f500000, 0x000000008f600000, 0x000000008f600000|100%| E|CS|TAMS 0x000000008f500000, 0x000000008f500000| Complete 
| 246|0x000000008f600000, 0x000000008f700000, 0x000000008f700000|100%| E|CS|TAMS 0x000000008f600000, 0x000000008f600000| Complete 
| 247|0x000000008f700000, 0x000000008f800000, 0x000000008f800000|100%| E|CS|TAMS 0x000000008f700000, 0x000000008f700000| Complete 
| 248|0x000000008f800000, 0x000000008f900000, 0x000000008f900000|100%| E|CS|TAMS 0x000000008f800000, 0x000000008f800000| Complete 
| 249|0x000000008f900000, 0x000000008fa00000, 0x000000008fa00000|100%| E|CS|TAMS 0x000000008f900000, 0x000000008f900000| Complete 
| 250|0x000000008fa00000, 0x000000008fb00000, 0x000000008fb00000|100%| E|CS|TAMS 0x000000008fa00000, 0x000000008fa00000| Complete 
| 251|0x000000008fb00000, 0x000000008fc00000, 0x000000008fc00000|100%| E|CS|TAMS 0x000000008fb00000, 0x000000008fb00000| Complete 
| 252|0x000000008fc00000, 0x000000008fd00000, 0x000000008fd00000|100%| E|CS|TAMS 0x000000008fc00000, 0x000000008fc00000| Complete 
| 253|0x000000008fd00000, 0x000000008fe00000, 0x000000008fe00000|100%| E|CS|TAMS 0x000000008fd00000, 0x000000008fd00000| Complete 
| 254|0x000000008fe00000, 0x000000008ff00000, 0x000000008ff00000|100%| E|CS|TAMS 0x000000008fe00000, 0x000000008fe00000| Complete 
| 255|0x000000008ff00000, 0x0000000090000000, 0x0000000090000000|100%| E|CS|TAMS 0x000000008ff00000, 0x000000008ff00000| Complete 
| 256|0x0000000090000000, 0x0000000090100000, 0x0000000090100000|100%| E|CS|TAMS 0x0000000090000000, 0x0000000090000000| Complete 
| 257|0x0000000090100000, 0x0000000090200000, 0x0000000090200000|100%| E|CS|TAMS 0x0000000090100000, 0x0000000090100000| Complete 
| 258|0x0000000090200000, 0x0000000090300000, 0x0000000090300000|100%| E|CS|TAMS 0x0000000090200000, 0x0000000090200000| Complete 
| 259|0x0000000090300000, 0x0000000090400000, 0x0000000090400000|100%| E|CS|TAMS 0x0000000090300000, 0x0000000090300000| Complete 
| 260|0x0000000090400000, 0x0000000090500000, 0x0000000090500000|100%| E|CS|TAMS 0x0000000090400000, 0x0000000090400000| Complete 
| 261|0x0000000090500000, 0x0000000090600000, 0x0000000090600000|100%| E|CS|TAMS 0x0000000090500000, 0x0000000090500000| Complete 
| 262|0x0000000090600000, 0x0000000090700000, 0x0000000090700000|100%| E|CS|TAMS 0x0000000090600000, 0x0000000090600000| Complete 
| 263|0x0000000090700000, 0x0000000090800000, 0x0000000090800000|100%| E|CS|TAMS 0x0000000090700000, 0x0000000090700000| Complete 
| 264|0x0000000090800000, 0x0000000090900000, 0x0000000090900000|100%| E|CS|TAMS 0x0000000090800000, 0x0000000090800000| Complete 
| 265|0x0000000090900000, 0x0000000090a00000, 0x0000000090a00000|100%| E|CS|TAMS 0x0000000090900000, 0x0000000090900000| Complete 
| 266|0x0000000090a00000, 0x0000000090b00000, 0x0000000090b00000|100%| E|CS|TAMS 0x0000000090a00000, 0x0000000090a00000| Complete 
| 267|0x0000000090b00000, 0x0000000090c00000, 0x0000000090c00000|100%| E|CS|TAMS 0x0000000090b00000, 0x0000000090b00000| Complete 
| 268|0x0000000090c00000, 0x0000000090d00000, 0x0000000090d00000|100%| E|CS|TAMS 0x0000000090c00000, 0x0000000090c00000| Complete 
| 269|0x0000000090d00000, 0x0000000090e00000, 0x0000000090e00000|100%| E|CS|TAMS 0x0000000090d00000, 0x0000000090d00000| Complete 
| 270|0x0000000090e00000, 0x0000000090f00000, 0x0000000090f00000|100%| E|CS|TAMS 0x0000000090e00000, 0x0000000090e00000| Complete 
| 271|0x0000000090f00000, 0x0000000091000000, 0x0000000091000000|100%| E|CS|TAMS 0x0000000090f00000, 0x0000000090f00000| Complete 
| 272|0x0000000091000000, 0x0000000091100000, 0x0000000091100000|100%| E|CS|TAMS 0x0000000091000000, 0x0000000091000000| Complete 
| 273|0x0000000091100000, 0x0000000091200000, 0x0000000091200000|100%| E|CS|TAMS 0x0000000091100000, 0x0000000091100000| Complete 
| 274|0x0000000091200000, 0x0000000091300000, 0x0000000091300000|100%| E|CS|TAMS 0x0000000091200000, 0x0000000091200000| Complete 
| 275|0x0000000091300000, 0x0000000091400000, 0x0000000091400000|100%| E|CS|TAMS 0x0000000091300000, 0x0000000091300000| Complete 
| 276|0x0000000091400000, 0x0000000091500000, 0x0000000091500000|100%| E|CS|TAMS 0x0000000091400000, 0x0000000091400000| Complete 
| 277|0x0000000091500000, 0x0000000091600000, 0x0000000091600000|100%| E|CS|TAMS 0x0000000091500000, 0x0000000091500000| Complete 
| 278|0x0000000091600000, 0x0000000091700000, 0x0000000091700000|100%| E|CS|TAMS 0x0000000091600000, 0x0000000091600000| Complete 
| 279|0x0000000091700000, 0x0000000091800000, 0x0000000091800000|100%| E|CS|TAMS 0x0000000091700000, 0x0000000091700000| Complete 
| 280|0x0000000091800000, 0x0000000091900000, 0x0000000091900000|100%| E|CS|TAMS 0x0000000091800000, 0x0000000091800000| Complete 
| 281|0x0000000091900000, 0x0000000091a00000, 0x0000000091a00000|100%| E|CS|TAMS 0x0000000091900000, 0x0000000091900000| Complete 
| 282|0x0000000091a00000, 0x0000000091b00000, 0x0000000091b00000|100%| E|CS|TAMS 0x0000000091a00000, 0x0000000091a00000| Complete 
| 283|0x0000000091b00000, 0x0000000091c00000, 0x0000000091c00000|100%| E|CS|TAMS 0x0000000091b00000, 0x0000000091b00000| Complete 
| 284|0x0000000091c00000, 0x0000000091d00000, 0x0000000091d00000|100%| E|CS|TAMS 0x0000000091c00000, 0x0000000091c00000| Complete 
| 285|0x0000000091d00000, 0x0000000091e00000, 0x0000000091e00000|100%| E|CS|TAMS 0x0000000091d00000, 0x0000000091d00000| Complete 
| 286|0x0000000091e00000, 0x0000000091f00000, 0x0000000091f00000|100%| E|CS|TAMS 0x0000000091e00000, 0x0000000091e00000| Complete 
| 287|0x0000000091f00000, 0x0000000092000000, 0x0000000092000000|100%| E|CS|TAMS 0x0000000091f00000, 0x0000000091f00000| Complete 
| 288|0x0000000092000000, 0x0000000092100000, 0x0000000092100000|100%| E|CS|TAMS 0x0000000092000000, 0x0000000092000000| Complete 
| 289|0x0000000092100000, 0x0000000092200000, 0x0000000092200000|100%| E|CS|TAMS 0x0000000092100000, 0x0000000092100000| Complete 
| 290|0x0000000092200000, 0x0000000092300000, 0x0000000092300000|100%| E|CS|TAMS 0x0000000092200000, 0x0000000092200000| Complete 
| 291|0x0000000092300000, 0x0000000092400000, 0x0000000092400000|100%| E|CS|TAMS 0x0000000092300000, 0x0000000092300000| Complete 

Card table byte_map: [0x00000222b9bb0000,0x00000222b9fb0000] _byte_map_base: 0x00000222b97b0000

Marking Bits (Prev, Next): (CMBitMap*) 0x00000222a6e7e700, (CMBitMap*) 0x00000222a6e7e6c8
 Prev Bits: [0x00000222bc3b0000, 0x00000222be3b0000)
 Next Bits: [0x00000222ba3b0000, 0x00000222bc3b0000)

Polling page: 0x00000222a6610000

Metaspace:

Usage:
  Non-class:     38.30 MB capacity,    37.68 MB ( 98%) used,   549.06 KB (  1%) free+waste,    90.00 KB ( <1%) overhead. 
      Class:      5.75 MB capacity,     5.38 MB ( 94%) used,   338.51 KB (  6%) free+waste,    43.06 KB ( <1%) overhead. 
       Both:     44.05 MB capacity,    43.06 MB ( 98%) used,   887.57 KB (  2%) free+waste,   133.06 KB ( <1%) overhead. 

Virtual space:
  Non-class space:       40.00 MB reserved,      38.37 MB ( 96%) committed 
      Class space:        1.00 GB reserved,       5.88 MB ( <1%) committed 
             Both:        1.04 GB reserved,      44.25 MB (  4%) committed 

Chunk freelists:
   Non-Class:  6.00 KB
       Class:  0 bytes
        Both:  6.00 KB

MaxMetaspaceSize: 17179869184.00 GB
CompressedClassSpaceSize: 1.00 GB

CodeHeap 'non-profiled nmethods': size=120064Kb used=3921Kb max_used=3921Kb free=116143Kb
 bounds [0x00000222b2270000, 0x00000222b2650000, 0x00000222b97b0000]
CodeHeap 'profiled nmethods': size=120000Kb used=10291Kb max_used=10291Kb free=109708Kb
 bounds [0x00000222aad40000, 0x00000222ab750000, 0x00000222b2270000]
CodeHeap 'non-nmethods': size=5696Kb used=2212Kb max_used=2276Kb free=3483Kb
 bounds [0x00000222aa7b0000, 0x00000222aaa20000, 0x00000222aad40000]
 total_blobs=5201 nmethods=4419 adapters=693
 compilation: enabled
              stopped_count=0, restarted_count=0
 full_count=0

Compilation events (20 events):
Event: 29.087 Thread 0x00000222c08a1800 4745 %     3       java.util.WeakHashMap::transfer @ 2 (107 bytes)
Event: 29.088 Thread 0x00000222c08a1800 nmethod 4745% 0x00000222ab74d110 code [0x00000222ab74d320, 0x00000222ab74db98]
Event: 29.091 Thread 0x00000222c5a27000 nmethod 4618 0x00000222b263c810 code [0x00000222b263c9e0, 0x00000222b263d118]
Event: 29.091 Thread 0x00000222c5a27000 4538       4       org.objectweb.asm.MethodVisitor::visitMaxs (17 bytes)
Event: 29.096 Thread 0x00000222c5a27000 nmethod 4538 0x00000222b263d610 code [0x00000222b263d7e0, 0x00000222b263d9d0]
Event: 29.096 Thread 0x00000222c5a27000 4609       4       org.objectweb.asm.MethodVisitor::visitIntInsn (17 bytes)
Event: 29.118 Thread 0x00000222c08a1800 4746 %     3       java.util.WeakHashMap::transfer @ 17 (107 bytes)
Event: 29.119 Thread 0x00000222c08a1800 nmethod 4746% 0x00000222ab74de10 code [0x00000222ab74e020, 0x00000222ab74e898]
Event: 29.145 Thread 0x00000222c5a27000 nmethod 4609 0x00000222b263dc10 code [0x00000222b263de20, 0x00000222b263f3f8]
Event: 29.145 Thread 0x00000222c5a27000 4574       4       org.objectweb.asm.MethodVisitor::visitLdcInsn (87 bytes)
Event: 29.182 Thread 0x00000222c08a1800 4747       3       java.util.WeakHashMap::transfer (107 bytes)
Event: 29.183 Thread 0x00000222c08a1800 nmethod 4747 0x00000222ab74eb10 code [0x00000222ab74ed20, 0x00000222ab74f4d8]
Event: 29.218 Thread 0x00000222c5a27000 nmethod 4574 0x00000222b263fb90 code [0x00000222b263fde0, 0x00000222b2641f38]
Event: 29.218 Thread 0x00000222c5a27000 4537       4       org.objectweb.asm.MethodVisitor::visitFrame (22 bytes)
Event: 29.221 Thread 0x00000222c5a27000 nmethod 4537 0x00000222b2642a90 code [0x00000222b2642c60, 0x00000222b2642db8]
Event: 29.221 Thread 0x00000222c5a27000 4740       4       sun.security.provider.DigestBase::engineDigest (112 bytes)
Event: 29.265 Thread 0x00000222c5a27000 nmethod 4740 0x00000222b2642f90 code [0x00000222b26431a0, 0x00000222b2643c10]
Event: 29.265 Thread 0x00000222c5a27000 4571       4       org.objectweb.asm.ClassVisitor::visitField (24 bytes)
Event: 29.635 Thread 0x00000222c08a1800 4748       3       java.util.WeakHashMap$HashIterator::hasNext (95 bytes)
Event: 29.635 Thread 0x00000222c08a1800 nmethod 4748 0x00000222ab74f710 code [0x00000222ab74f900, 0x00000222ab74fe58]

GC Heap History (20 events):
Event: 21.520 GC heap before
{Heap before GC invocations=46 (full 0):
 garbage-first heap   total 248832K, used 138240K [0x0000000080000000, 0x0000000100000000)
  region size 1024K, 76 young (77824K), 1 survivors (1024K)
 Metaspace       used 44031K, capacity 45105K, committed 45180K, reserved 1089536K
  class space    used 5505K, capacity 5888K, committed 5888K, reserved 1048576K
}
Event: 21.527 GC heap after
{Heap after GC invocations=47 (full 0):
 garbage-first heap   total 248832K, used 64720K [0x0000000080000000, 0x0000000100000000)
  region size 1024K, 5 young (5120K), 5 survivors (5120K)
 Metaspace       used 44031K, capacity 45105K, committed 45180K, reserved 1089536K
  class space    used 5505K, capacity 5888K, committed 5888K, reserved 1048576K
}
Event: 21.551 GC heap before
{Heap before GC invocations=47 (full 0):
 garbage-first heap   total 248832K, used 70864K [0x0000000080000000, 0x0000000100000000)
  region size 1024K, 12 young (12288K), 5 survivors (5120K)
 Metaspace       used 44031K, capacity 45105K, committed 45180K, reserved 1089536K
  class space    used 5505K, capacity 5888K, committed 5888K, reserved 1048576K
}
Event: 21.558 GC heap after
{Heap after GC invocations=48 (full 0):
 garbage-first heap   total 248832K, used 57533K [0x0000000080000000, 0x0000000100000000)
  region size 1024K, 1 young (1024K), 1 survivors (1024K)
 Metaspace       used 44031K, capacity 45105K, committed 45180K, reserved 1089536K
  class space    used 5505K, capacity 5888K, committed 5888K, reserved 1048576K
}
Event: 21.926 GC heap before
{Heap before GC invocations=48 (full 0):
 garbage-first heap   total 248832K, used 157885K [0x0000000080000000, 0x0000000100000000)
  region size 1024K, 100 young (102400K), 1 survivors (1024K)
 Metaspace       used 44031K, capacity 45105K, committed 45180K, reserved 1089536K
  class space    used 5505K, capacity 5888K, committed 5888K, reserved 1048576K
}
Event: 21.931 GC heap after
{Heap after GC invocations=49 (full 0):
 garbage-first heap   total 248832K, used 61136K [0x0000000080000000, 0x0000000100000000)
  region size 1024K, 5 young (5120K), 5 survivors (5120K)
 Metaspace       used 44031K, capacity 45105K, committed 45180K, reserved 1089536K
  class space    used 5505K, capacity 5888K, committed 5888K, reserved 1048576K
}
Event: 22.743 GC heap before
{Heap before GC invocations=49 (full 0):
 garbage-first heap   total 248832K, used 169680K [0x0000000080000000, 0x0000000100000000)
  region size 1024K, 111 young (113664K), 5 survivors (5120K)
 Metaspace       used 44042K, capacity 45105K, committed 45180K, reserved 1089536K
  class space    used 5505K, capacity 5888K, committed 5888K, reserved 1048576K
}
Event: 22.750 GC heap after
{Heap after GC invocations=50 (full 0):
 garbage-first heap   total 248832K, used 66692K [0x0000000080000000, 0x0000000100000000)
  region size 1024K, 10 young (10240K), 10 survivors (10240K)
 Metaspace       used 44042K, capacity 45105K, committed 45180K, reserved 1089536K
  class space    used 5505K, capacity 5888K, committed 5888K, reserved 1048576K
}
Event: 23.585 GC heap before
{Heap before GC invocations=50 (full 0):
 garbage-first heap   total 248832K, used 178308K [0x0000000080000000, 0x0000000100000000)
  region size 1024K, 119 young (121856K), 10 survivors (10240K)
 Metaspace       used 44043K, capacity 45105K, committed 45180K, reserved 1089536K
  class space    used 5505K, capacity 5888K, committed 5888K, reserved 1048576K
}
Event: 23.599 GC heap after
{Heap after GC invocations=51 (full 0):
 garbage-first heap   total 248832K, used 69334K [0x0000000080000000, 0x0000000100000000)
  region size 1024K, 11 young (11264K), 11 survivors (11264K)
 Metaspace       used 44043K, capacity 45105K, committed 45180K, reserved 1089536K
  class space    used 5505K, capacity 5888K, committed 5888K, reserved 1048576K
}
Event: 24.358 GC heap before
{Heap before GC invocations=51 (full 0):
 garbage-first heap   total 248832K, used 180950K [0x0000000080000000, 0x0000000100000000)
  region size 1024K, 121 young (123904K), 11 survivors (11264K)
 Metaspace       used 44049K, capacity 45105K, committed 45180K, reserved 1089536K
  class space    used 5506K, capacity 5888K, committed 5888K, reserved 1048576K
}
Event: 24.371 GC heap after
{Heap after GC invocations=52 (full 0):
 garbage-first heap   total 248832K, used 70516K [0x0000000080000000, 0x0000000100000000)
  region size 1024K, 11 young (11264K), 11 survivors (11264K)
 Metaspace       used 44049K, capacity 45105K, committed 45180K, reserved 1089536K
  class space    used 5506K, capacity 5888K, committed 5888K, reserved 1048576K
}
Event: 25.172 GC heap before
{Heap before GC invocations=52 (full 0):
 garbage-first heap   total 248832K, used 188276K [0x0000000080000000, 0x0000000100000000)
  region size 1024K, 126 young (129024K), 11 survivors (11264K)
 Metaspace       used 44051K, capacity 45105K, committed 45180K, reserved 1089536K
  class space    used 5506K, capacity 5888K, committed 5888K, reserved 1048576K
}
Event: 25.186 GC heap after
{Heap after GC invocations=53 (full 0):
 garbage-first heap   total 299008K, used 71821K [0x0000000080000000, 0x0000000100000000)
  region size 1024K, 11 young (11264K), 11 survivors (11264K)
 Metaspace       used 44051K, capacity 45105K, committed 45180K, reserved 1089536K
  class space    used 5506K, capacity 5888K, committed 5888K, reserved 1048576K
}
Event: 26.383 GC heap before
{Heap before GC invocations=53 (full 0):
 garbage-first heap   total 299008K, used 232589K [0x0000000080000000, 0x0000000100000000)
  region size 1024K, 168 young (172032K), 11 survivors (11264K)
 Metaspace       used 44051K, capacity 45105K, committed 45180K, reserved 1089536K
  class space    used 5506K, capacity 5888K, committed 5888K, reserved 1048576K
}
Event: 26.397 GC heap after
{Heap after GC invocations=54 (full 0):
 garbage-first heap   total 299008K, used 75918K [0x0000000080000000, 0x0000000100000000)
  region size 1024K, 15 young (15360K), 15 survivors (15360K)
 Metaspace       used 44051K, capacity 45105K, committed 45180K, reserved 1089536K
  class space    used 5506K, capacity 5888K, committed 5888K, reserved 1048576K
}
Event: 27.192 GC heap before
{Heap before GC invocations=54 (full 0):
 garbage-first heap   total 299008K, used 224398K [0x0000000080000000, 0x0000000100000000)
  region size 1024K, 160 young (163840K), 15 survivors (15360K)
 Metaspace       used 44055K, capacity 45105K, committed 45180K, reserved 1089536K
  class space    used 5506K, capacity 5888K, committed 5888K, reserved 1048576K
}
Event: 27.210 GC heap after
{Heap after GC invocations=55 (full 0):
 garbage-first heap   total 299008K, used 77536K [0x0000000080000000, 0x0000000100000000)
  region size 1024K, 14 young (14336K), 14 survivors (14336K)
 Metaspace       used 44055K, capacity 45105K, committed 45180K, reserved 1089536K
  class space    used 5506K, capacity 5888K, committed 5888K, reserved 1048576K
}
Event: 28.213 GC heap before
{Heap before GC invocations=55 (full 0):
 garbage-first heap   total 299008K, used 227040K [0x0000000080000000, 0x0000000100000000)
  region size 1024K, 160 young (163840K), 14 survivors (14336K)
 Metaspace       used 44063K, capacity 45108K, committed 45180K, reserved 1089536K
  class space    used 5506K, capacity 5888K, committed 5888K, reserved 1048576K
}
Event: 28.221 GC heap after
{Heap after GC invocations=56 (full 0):
 garbage-first heap   total 299008K, used 64284K [0x0000000080000000, 0x0000000100000000)
  region size 1024K, 3 young (3072K), 3 survivors (3072K)
 Metaspace       used 44063K, capacity 45108K, committed 45180K, reserved 1089536K
  class space    used 5506K, capacity 5888K, committed 5888K, reserved 1048576K
}

Deoptimization events (20 events):
Event: 27.858 Thread 0x00000222c57b1800 DEOPT PACKING pc=0x00000222ab730c91 sp=0x000000e2220fe840
Event: 27.858 Thread 0x00000222c57b1800 DEOPT UNPACKING pc=0x00000222aa7d724e sp=0x000000e2220fdeb0 mode 0
Event: 27.891 Thread 0x00000222c57b1800 Uncommon trap: trap_request=0xffffff4d fr.pc=0x00000222b261e5dc relative=0x00000000000010dc
Event: 27.891 Thread 0x00000222c57b1800 Uncommon trap: reason=unstable_if action=reinterpret pc=0x00000222b261e5dc method=java.lang.String.equals(Ljava/lang/Object;)Z @ 34 c2
Event: 27.891 Thread 0x00000222c57b1800 DEOPT PACKING pc=0x00000222b261e5dc sp=0x000000e2220fe8f0
Event: 27.891 Thread 0x00000222c57b1800 DEOPT UNPACKING pc=0x00000222aa7d742f sp=0x000000e2220fe868 mode 2
Event: 27.891 Thread 0x00000222c57b1800 Uncommon trap: trap_request=0xffffff4d fr.pc=0x00000222b2445370 relative=0x0000000000001230
Event: 27.891 Thread 0x00000222c57b1800 Uncommon trap: reason=unstable_if action=reinterpret pc=0x00000222b2445370 method=java.lang.String.equals(Ljava/lang/Object;)Z @ 34 c2
Event: 27.891 Thread 0x00000222c57b1800 DEOPT PACKING pc=0x00000222b2445370 sp=0x000000e2220fe830
Event: 27.891 Thread 0x00000222c57b1800 DEOPT UNPACKING pc=0x00000222aa7d742f sp=0x000000e2220fe7d0 mode 2
Event: 27.891 Thread 0x00000222c57b1800 Uncommon trap: trap_request=0xffffff4d fr.pc=0x00000222b24317c0 relative=0x00000000000001a0
Event: 27.891 Thread 0x00000222c57b1800 Uncommon trap: reason=unstable_if action=reinterpret pc=0x00000222b24317c0 method=java.lang.String.hashCode()I @ 22 c2
Event: 27.891 Thread 0x00000222c57b1800 DEOPT PACKING pc=0x00000222b24317c0 sp=0x000000e2220fe8b0
Event: 27.891 Thread 0x00000222c57b1800 DEOPT UNPACKING pc=0x00000222aa7d742f sp=0x000000e2220fe7e0 mode 2
Event: 27.892 Thread 0x00000222c57b1800 Uncommon trap: trap_request=0xffffff4d fr.pc=0x00000222b23135a0 relative=0x0000000000000180
Event: 27.892 Thread 0x00000222c57b1800 Uncommon trap: reason=unstable_if action=reinterpret pc=0x00000222b23135a0 method=java.lang.String.equals(Ljava/lang/Object;)Z @ 34 c2
Event: 27.892 Thread 0x00000222c57b1800 DEOPT PACKING pc=0x00000222b23135a0 sp=0x000000e2220fe560
Event: 27.892 Thread 0x00000222c57b1800 DEOPT UNPACKING pc=0x00000222aa7d742f sp=0x000000e2220fe4f8 mode 2
Event: 28.000 Thread 0x00000222c57b1800 DEOPT PACKING pc=0x00000222ab72f3fc sp=0x000000e2220fe840
Event: 28.000 Thread 0x00000222c57b1800 DEOPT UNPACKING pc=0x00000222aa7d724e sp=0x000000e2220fdeb0 mode 0

Classes redefined (0 events):
No events

Internal exceptions (20 events):
Event: 21.433 Thread 0x00000222c57a9800 Implicit null exception at 0x00000222b24bd5e8 to 0x00000222b24bde98
Event: 21.435 Thread 0x00000222c57a9800 Implicit null exception at 0x00000222b24669f4 to 0x00000222b24688b4
Event: 21.439 Thread 0x00000222c57b4000 Exception <a 'sun/nio/fs/WindowsException'{0x000000008d54adf8}> (0x000000008d54adf8) thrown at [./src/hotspot/share/prims/jni.cpp, line 615]
Event: 21.440 Thread 0x00000222c57b0000 Exception <a 'sun/nio/fs/WindowsException'{0x000000008c15c9e0}> (0x000000008c15c9e0) thrown at [./src/hotspot/share/prims/jni.cpp, line 615]
Event: 21.441 Thread 0x00000222c57b3000 Exception <a 'sun/nio/fs/WindowsException'{0x000000008c56a420}> (0x000000008c56a420) thrown at [./src/hotspot/share/prims/jni.cpp, line 615]
Event: 21.481 Thread 0x00000222c57b3000 Exception <a 'sun/nio/fs/WindowsException'{0x000000008c56a5f8}> (0x000000008c56a5f8) thrown at [./src/hotspot/share/prims/jni.cpp, line 615]
Event: 21.481 Thread 0x00000222c57b0000 Exception <a 'sun/nio/fs/WindowsException'{0x000000008c15cb98}> (0x000000008c15cb98) thrown at [./src/hotspot/share/prims/jni.cpp, line 615]
Event: 21.517 Thread 0x00000222c57ab000 Exception <a 'sun/nio/fs/WindowsException'{0x000000008b04c010}> (0x000000008b04c010) thrown at [./src/hotspot/share/prims/jni.cpp, line 615]
Event: 21.517 Thread 0x00000222c57ab000 Exception <a 'sun/nio/fs/WindowsException'{0x000000008b04c198}> (0x000000008b04c198) thrown at [./src/hotspot/share/prims/jni.cpp, line 615]
Event: 21.532 Thread 0x00000222c57a9800 Exception <a 'sun/nio/fs/WindowsException'{0x000000008f16b9f0}> (0x000000008f16b9f0) thrown at [./src/hotspot/share/prims/jni.cpp, line 615]
Event: 21.533 Thread 0x00000222c57a9800 Exception <a 'sun/nio/fs/WindowsException'{0x000000008f19c9e0}> (0x000000008f19c9e0) thrown at [./src/hotspot/share/prims/jni.cpp, line 615]
Event: 21.575 Thread 0x00000222c57b0800 Exception <a 'sun/nio/fs/WindowsException'{0x000000008eee8c70}> (0x000000008eee8c70) thrown at [./src/hotspot/share/prims/jni.cpp, line 615]
Event: 21.575 Thread 0x00000222c57b0800 Exception <a 'sun/nio/fs/WindowsException'{0x000000008eee8de8}> (0x000000008eee8de8) thrown at [./src/hotspot/share/prims/jni.cpp, line 615]
Event: 21.651 Thread 0x00000222c57ac800 Exception <a 'sun/nio/fs/WindowsException'{0x000000008d2e1830}> (0x000000008d2e1830) thrown at [./src/hotspot/share/prims/jni.cpp, line 615]
Event: 21.655 Thread 0x00000222c57ac800 Exception <a 'sun/nio/fs/WindowsException'{0x000000008d2e19d8}> (0x000000008d2e19d8) thrown at [./src/hotspot/share/prims/jni.cpp, line 615]
Event: 21.971 Thread 0x00000222c57b7000 Exception <a 'sun/nio/fs/WindowsException'{0x000000008e8f0508}> (0x000000008e8f0508) thrown at [./src/hotspot/share/prims/jni.cpp, line 615]
Event: 21.972 Thread 0x00000222c57b7000 Exception <a 'sun/nio/fs/WindowsException'{0x000000008e8f0678}> (0x000000008e8f0678) thrown at [./src/hotspot/share/prims/jni.cpp, line 615]
Event: 28.255 Thread 0x00000222c57b1800 Exception <a 'sun/nio/fs/WindowsException'{0x0000000091b778d0}> (0x0000000091b778d0) thrown at [./src/hotspot/share/prims/jni.cpp, line 615]
Event: 28.255 Thread 0x00000222c57b1800 Exception <a 'sun/nio/fs/WindowsException'{0x0000000091b77a88}> (0x0000000091b77a88) thrown at [./src/hotspot/share/prims/jni.cpp, line 615]
Event: 29.634 Thread 0x00000222c337f800 Exception <a 'java/lang/OutOfMemoryError'{0x000000008b007350}> (0x000000008b007350) thrown at [./src/hotspot/share/prims/jni.cpp, line 636]

Events (20 events):
Event: 23.599 Executing VM operation: G1CollectForAllocation done
Event: 24.119 loading class org/gradle/internal/classpath/InstrumentingTransformer$InstrumentingVisitor$1
Event: 24.119 loading class org/gradle/internal/classpath/InstrumentingTransformer$InstrumentingVisitor$1 done
Event: 24.357 Executing VM operation: G1CollectForAllocation
Event: 24.371 Executing VM operation: G1CollectForAllocation done
Event: 25.171 Executing VM operation: G1CollectForAllocation
Event: 25.186 Executing VM operation: G1CollectForAllocation done
Event: 26.383 Executing VM operation: G1CollectForAllocation
Event: 26.397 Executing VM operation: G1CollectForAllocation done
Event: 27.192 Executing VM operation: G1CollectForAllocation
Event: 27.210 Executing VM operation: G1CollectForAllocation done
Event: 28.213 Executing VM operation: G1CollectForAllocation
Event: 28.221 Executing VM operation: G1CollectForAllocation done
Event: 28.254 Thread 0x00000222c5a27000 Thread added: 0x00000222c5a27000
Event: 28.823 loading class org/gradle/internal/snapshot/VfsRelativePath
Event: 28.823 loading class org/gradle/internal/snapshot/VfsRelativePath done
Event: 28.823 loading class org/gradle/internal/snapshot/VfsRelativePath
Event: 28.823 loading class org/gradle/internal/snapshot/VfsRelativePath done
Event: 29.634 loading class java/util/zip/DataFormatException
Event: 29.635 loading class java/util/zip/DataFormatException done


Dynamic libraries:
0x00007ff732ef0000 - 0x00007ff732efa000 	D:\Android\Android Studio\jre\bin\java.exe
0x00007ffb858c0000 - 0x00007ffb85aad000 	C:\Windows\SYSTEM32\ntdll.dll
0x00007ffb82af0000 - 0x00007ffb82ba3000 	C:\Windows\System32\KERNEL32.DLL
0x00007ffb81c30000 - 0x00007ffb81ec5000 	C:\Windows\System32\KERNELBASE.dll
0x00007ffb82020000 - 0x00007ffb8211a000 	C:\Windows\System32\ucrtbase.dll
0x00007ffb77ff0000 - 0x00007ffb78009000 	D:\Android\Android Studio\jre\bin\jli.dll
0x00007ffb84f60000 - 0x00007ffb850f8000 	C:\Windows\System32\USER32.dll
0x00007ffb82150000 - 0x00007ffb82170000 	C:\Windows\System32\win32u.dll
0x00007ffb77370000 - 0x00007ffb77387000 	D:\Android\Android Studio\jre\bin\VCRUNTIME140.dll
0x00007ffb73100000 - 0x00007ffb73379000 	C:\Windows\WinSxS\amd64_microsoft.windows.common-controls_6595b64144ccf1df_6.0.17763.2061_none_de73cf545348ec45\COMCTL32.dll
0x00007ffb82be0000 - 0x00007ffb82c09000 	C:\Windows\System32\GDI32.dll
0x00007ffb857f0000 - 0x00007ffb8588e000 	C:\Windows\System32\msvcrt.dll
0x00007ffb82200000 - 0x00007ffb8239c000 	C:\Windows\System32\gdi32full.dll
0x00007ffb85110000 - 0x00007ffb8543d000 	C:\Windows\System32\combase.dll
0x00007ffb81f80000 - 0x00007ffb82020000 	C:\Windows\System32\msvcp_win.dll
0x00007ffb82c70000 - 0x00007ffb82d8f000 	C:\Windows\System32\RPCRT4.dll
0x00007ffb82170000 - 0x00007ffb821f2000 	C:\Windows\System32\bcryptPrimitives.dll
0x00007ffb82bb0000 - 0x00007ffb82bde000 	C:\Windows\System32\IMM32.DLL
0x00007ffb6e650000 - 0x00007ffb6e6ed000 	D:\Android\Android Studio\jre\bin\msvcp140.dll
0x00007ffb4e3b0000 - 0x00007ffb4ee6c000 	D:\Android\Android Studio\jre\bin\server\jvm.dll
0x00007ffb84980000 - 0x00007ffb84a24000 	C:\Windows\System32\ADVAPI32.dll
0x00007ffb82d90000 - 0x00007ffb82e2e000 	C:\Windows\System32\sechost.dll
0x00007ffb85720000 - 0x00007ffb85728000 	C:\Windows\System32\PSAPI.DLL
0x00007ffb7f9e0000 - 0x00007ffb7fa04000 	C:\Windows\SYSTEM32\WINMM.dll
0x00007ffb74850000 - 0x00007ffb7485a000 	C:\Windows\SYSTEM32\VERSION.dll
0x00007ffb4e3a0000 - 0x00007ffb4e3a9000 	C:\Windows\SYSTEM32\WSOCK32.dll
0x00007ffb7f980000 - 0x00007ffb7f9ad000 	C:\Windows\SYSTEM32\WINMMBASE.dll
0x00007ffb81b80000 - 0x00007ffb81bca000 	C:\Windows\System32\cfgmgr32.dll
0x00007ffb84c80000 - 0x00007ffb84ced000 	C:\Windows\System32\ws2_32.DLL
0x00007ffb818a0000 - 0x00007ffb818b1000 	C:\Windows\System32\kernel.appcore.dll
0x00007ffb4e360000 - 0x00007ffb4e371000 	D:\Android\Android Studio\jre\bin\verify.dll
0x00007ffb71350000 - 0x00007ffb7153d000 	C:\Windows\SYSTEM32\DBGHELP.DLL
0x00007ffb70f10000 - 0x00007ffb70f3a000 	C:\Windows\SYSTEM32\dbgcore.DLL
0x00007ffb4e330000 - 0x00007ffb4e359000 	D:\Android\Android Studio\jre\bin\java.dll
0x00007ffb4e320000 - 0x00007ffb4e32b000 	D:\Android\Android Studio\jre\bin\jimage.dll
0x00007ffb4e300000 - 0x00007ffb4e318000 	D:\Android\Android Studio\jre\bin\zip.dll
0x00007ffb83460000 - 0x00007ffb84959000 	C:\Windows\System32\SHELL32.dll
0x00007ffb84e50000 - 0x00007ffb84ef8000 	C:\Windows\System32\shcore.dll
0x00007ffb823a0000 - 0x00007ffb82aeb000 	C:\Windows\System32\windows.storage.dll
0x00007ffb81920000 - 0x00007ffb81944000 	C:\Windows\System32\profapi.dll
0x00007ffb818c0000 - 0x00007ffb8191d000 	C:\Windows\System32\powrprof.dll
0x00007ffb84a30000 - 0x00007ffb84a82000 	C:\Windows\System32\shlwapi.dll
0x00007ffb81970000 - 0x00007ffb81987000 	C:\Windows\System32\cryptsp.dll
0x00007ffb4e2e0000 - 0x00007ffb4e2fa000 	D:\Android\Android Studio\jre\bin\net.dll
0x00007ffb78b20000 - 0x00007ffb78c11000 	C:\Windows\SYSTEM32\WINHTTP.dll
0x00007ffb81070000 - 0x00007ffb810d7000 	C:\Windows\system32\mswsock.dll
0x00007ffb4e2c0000 - 0x00007ffb4e2d4000 	D:\Android\Android Studio\jre\bin\nio.dll
0x00007ffb78780000 - 0x00007ffb787a7000 	C:\Users\Home\.gradle\native\fdc75f09e3144964f2cf3f50f0aa648679c211496f362492102eb8c894070792\windows-amd64\native-platform.dll
0x00007ffb6ac80000 - 0x00007ffb6ae16000 	C:\Users\Home\.gradle\native\12488b8bf47d2d4c9fbf2f6322a914ad602e24e48041cd04a747c6da556b65c4\windows-amd64\native-platform-file-events.dll
0x00007ffb4e2b0000 - 0x00007ffb4e2ba000 	D:\Android\Android Studio\jre\bin\management.dll
0x00007ffb4e2a0000 - 0x00007ffb4e2ac000 	D:\Android\Android Studio\jre\bin\management_ext.dll
0x00007ffb80c00000 - 0x00007ffb80c33000 	C:\Windows\system32\rsaenh.dll
0x00007ffb82120000 - 0x00007ffb82146000 	C:\Windows\System32\bcrypt.dll
0x00007ffb817a0000 - 0x00007ffb817c9000 	C:\Windows\SYSTEM32\USERENV.dll
0x00007ffb81240000 - 0x00007ffb8124c000 	C:\Windows\SYSTEM32\CRYPTBASE.dll
0x00007ffb80d90000 - 0x00007ffb80dcd000 	C:\Windows\SYSTEM32\IPHLPAPI.DLL
0x00007ffb85730000 - 0x00007ffb85738000 	C:\Windows\System32\NSI.dll
0x00007ffb79420000 - 0x00007ffb79436000 	C:\Windows\SYSTEM32\dhcpcsvc6.DLL
0x00007ffb79ab0000 - 0x00007ffb79acc000 	C:\Windows\SYSTEM32\dhcpcsvc.DLL
0x00007ffb80dd0000 - 0x00007ffb80e96000 	C:\Windows\SYSTEM32\DNSAPI.dll
0x00007ffb7abf0000 - 0x00007ffb7abfb000 	C:\Windows\SYSTEM32\WINNSI.DLL

dbghelp: loaded successfully - version: 4.0.5 - missing functions: none
symbol engine: initialized successfully - sym options: 0x614 - pdb path: .;D:\Android\Android Studio\jre\bin;C:\Windows\SYSTEM32;C:\Windows\WinSxS\amd64_microsoft.windows.common-controls_6595b64144ccf1df_6.0.17763.2061_none_de73cf545348ec45;D:\Android\Android Studio\jre\bin\server;C:\Users\Home\.gradle\native\fdc75f09e3144964f2cf3f50f0aa648679c211496f362492102eb8c894070792\windows-amd64;C:\Users\Home\.gradle\native\12488b8bf47d2d4c9fbf2f6322a914ad602e24e48041cd04a747c6da556b65c4\windows-amd64

VM Arguments:
jvm_args: --add-opens=java.base/java.util=ALL-UNNAMED --add-opens=java.base/java.lang=ALL-UNNAMED --add-opens=java.base/java.lang.invoke=ALL-UNNAMED --add-opens=java.prefs/java.util.prefs=ALL-UNNAMED -Xmx2048m -Dfile.encoding=UTF-8 -Duser.country=RU -Duser.language=ru -Duser.variant 
java_command: org.gradle.launcher.daemon.bootstrap.GradleDaemon 6.7.1
java_class_path (initial): C:\Users\Home\.gradle\wrapper\dists\gradle-6.7.1-bin\bwlcbys1h7rz3272sye1xwiv6\gradle-6.7.1\lib\gradle-launcher-6.7.1.jar
Launcher Type: SUN_STANDARD

[Global flags]
     intx CICompilerCount                          = 3                                         {product} {ergonomic}
     uint ConcGCThreads                            = 1                                         {product} {ergonomic}
     uint G1ConcRefinementThreads                  = 4                                         {product} {ergonomic}
   size_t G1HeapRegionSize                         = 1048576                                   {product} {ergonomic}
    uintx GCDrainStackTargetSize                   = 64                                        {product} {ergonomic}
   size_t InitialHeapSize                          = 65011712                                  {product} {ergonomic}
   size_t MarkStackSize                            = 4194304                                   {product} {ergonomic}
   size_t MaxHeapSize                              = 2147483648                                {product} {command line}
   size_t MaxNewSize                               = 1287651328                                {product} {ergonomic}
   size_t MinHeapDeltaBytes                        = 1048576                                   {product} {ergonomic}
    uintx NonNMethodCodeHeapSize                   = 5830732                                {pd product} {ergonomic}
    uintx NonProfiledCodeHeapSize                  = 122913754                              {pd product} {ergonomic}
    uintx ProfiledCodeHeapSize                     = 122913754                              {pd product} {ergonomic}
    uintx ReservedCodeCacheSize                    = 251658240                              {pd product} {ergonomic}
     bool SegmentedCodeCache                       = true                                      {product} {ergonomic}
     bool UseCompressedClassPointers               = true                                 {lp64_product} {ergonomic}
     bool UseCompressedOops                        = true                                 {lp64_product} {ergonomic}
     bool UseG1GC                                  = true                                      {product} {ergonomic}
     bool UseLargePagesIndividualAllocation        = false                                  {pd product} {ergonomic}

Logging:
Log output configuration:
 #0: stdout all=warning uptime,level,tags
 #1: stderr all=off uptime,level,tags

Environment Variables:
PATH=C:\Program Files (x86)\Common Files\Oracle\Java\javapath;C:\Windows\system32;C:\Windows;C:\Windows\System32\Wbem;C:\Windows\System32\WindowsPowerShell\v1.0\;C:\Windows\System32\OpenSSH\;C:\Git\cmd;C:\Users\Home\AppData\Local\Microsoft\WindowsApps;
USERNAME=Home
OS=Windows_NT
PROCESSOR_IDENTIFIER=Intel64 Family 6 Model 42 Stepping 7, GenuineIntel



---------------  S Y S T E M  ---------------

OS: Windows 10 , 64 bit Build 17763 (10.0.17763.2028)
OS uptime: 0 days 5:43 hours

CPU:total 4 (initial active 4) (2 cores per cpu, 2 threads per core) family 6 model 42 stepping 7, cmov, cx8, fxsr, mmx, sse, sse2, sse3, ssse3, sse4.1, sse4.2, popcnt, avx, clmul, ht, tsc, tscinvbit

Memory: 4k page, system-wide physical 3932M (359M free)
TotalPageFile size 4732M (AvailPageFile size 89M)
current process WorkingSet (physical memory assigned to process): 516M, peak: 554M
current process commit charge ("private bytes"): 675M, peak: 762M

vm_info: OpenJDK 64-Bit Server VM (11.0.8+10-b944.6842174) for windows-amd64 JRE (11.0.8+10-b944.6842174), built on Sep 19 2020 01:11:42 by "builder" with MS VC++ 14.0 (VS2015)

END.
